<?xml version="1.0" encoding="utf-8"?>
<CoverageSession xmlns:xsd="http://www.w3.org/2001/XMLSchema" xmlns:xsi="http://www.w3.org/2001/XMLSchema-instance">
  <Summary numSequencePoints="0" visitedSequencePoints="0" numBranchPoints="0" visitedBranchPoints="0" sequenceCoverage="0" branchCoverage="0" maxCyclomaticComplexity="0" minCyclomaticComplexity="0" visitedClasses="0" numClasses="0" visitedMethods="0" numMethods="0" />
  <Modules>
    <Module skippedDueTo="Filter" hash="44-9C-80-98-C8-8D-FB-A7-9D-94-FD-E6-5A-C2-4F-FF-CB-3B-3F-CD">
      <ModulePath>C:\Program Files\dotnet\shared\Microsoft.NETCore.App\2.0.9\System.Private.CoreLib.dll</ModulePath>
      <ModuleTime>2018-06-14T09:46:04Z</ModuleTime>
      <ModuleName>System.Private.CoreLib</ModuleName>
      <Classes />
    </Module>
    <Module skippedDueTo="Filter" hash="B0-4D-64-3C-07-DC-65-60-43-59-BD-C0-84-7D-2D-31-0D-C5-81-F4">
      <ModulePath>C:\Program Files\dotnet\sdk\2.1.202\dotnet.dll</ModulePath>
      <ModuleTime>2018-07-02T16:03:40Z</ModuleTime>
      <ModuleName>dotnet</ModuleName>
      <Classes />
    </Module>
    <Module skippedDueTo="Filter" hash="C9-B3-C3-8D-F4-E8-85-E1-6A-71-28-63-AF-3C-A9-B7-AF-AB-CF-81">
      <ModulePath>C:\Program Files\dotnet\shared\Microsoft.NETCore.App\2.0.9\System.Runtime.dll</ModulePath>
      <ModuleTime>2018-06-14T09:46:02Z</ModuleTime>
      <ModuleName>System.Runtime</ModuleName>
      <Classes />
    </Module>
    <Module skippedDueTo="Filter" hash="FF-56-F3-0A-D2-BB-E8-03-04-55-DC-16-30-27-26-7A-52-3A-76-D8">
      <ModulePath>C:\Program Files\dotnet\sdk\2.1.202\Microsoft.DotNet.Cli.Utils.dll</ModulePath>
      <ModuleTime>2018-07-02T16:04:56Z</ModuleTime>
      <ModuleName>Microsoft.DotNet.Cli.Utils</ModuleName>
      <Classes />
    </Module>
    <Module skippedDueTo="Filter" hash="8E-D1-B3-38-2B-58-97-54-08-8F-27-66-BB-5F-3D-11-84-88-BF-8D">
      <ModulePath>C:\Program Files\dotnet\shared\Microsoft.NETCore.App\2.0.9\netstandard.dll</ModulePath>
      <ModuleTime>2018-06-14T09:46:04Z</ModuleTime>
      <ModuleName>netstandard</ModuleName>
      <Classes />
    </Module>
    <Module skippedDueTo="Filter" hash="95-30-22-0A-6C-BD-BB-12-77-7C-3F-8D-C0-09-B4-34-B6-A6-B9-D7">
      <ModulePath>C:\Program Files\dotnet\shared\Microsoft.NETCore.App\2.0.9\System.Runtime.Extensions.dll</ModulePath>
      <ModuleTime>2018-06-14T09:46:00Z</ModuleTime>
      <ModuleName>System.Runtime.Extensions</ModuleName>
      <Classes />
    </Module>
    <Module skippedDueTo="Filter" hash="D2-95-62-82-67-79-CB-70-28-87-AC-0A-38-37-10-AE-25-1B-73-8A">
      <ModulePath>C:\Program Files\dotnet\shared\Microsoft.NETCore.App\2.0.9\System.Runtime.Loader.dll</ModulePath>
      <ModuleTime>2018-06-14T09:46:00Z</ModuleTime>
      <ModuleName>System.Runtime.Loader</ModuleName>
      <Classes />
    </Module>
    <Module skippedDueTo="Filter" hash="45-F8-D0-4F-F1-05-4E-9F-66-82-93-6D-DC-78-1A-F9-68-84-01-76">
      <ModulePath>C:\Program Files\dotnet\sdk\2.1.202\Microsoft.DotNet.PlatformAbstractions.dll</ModulePath>
      <ModuleTime>2018-07-02T16:04:56Z</ModuleTime>
      <ModuleName>Microsoft.DotNet.PlatformAbstractions</ModuleName>
      <Classes />
    </Module>
    <Module skippedDueTo="Filter" hash="90-66-CA-B6-32-8D-FD-C1-A8-C9-09-26-E0-1A-D0-AE-69-7A-1D-34">
      <ModulePath>C:\Program Files\dotnet\shared\Microsoft.NETCore.App\2.0.9\System.Runtime.InteropServices.RuntimeInformation.dll</ModulePath>
      <ModuleTime>2018-06-14T09:46:00Z</ModuleTime>
      <ModuleName>System.Runtime.InteropServices.RuntimeInformation</ModuleName>
      <Classes />
    </Module>
    <Module skippedDueTo="Filter" hash="BD-5E-3F-DA-25-37-84-84-A2-83-F9-1C-6B-D0-47-53-FC-DD-BA-D8">
      <ModulePath>C:\Program Files\dotnet\shared\Microsoft.NETCore.App\2.0.9\System.Runtime.InteropServices.dll</ModulePath>
      <ModuleTime>2018-06-14T09:46:00Z</ModuleTime>
      <ModuleName>System.Runtime.InteropServices</ModuleName>
      <Classes />
    </Module>
    <Module skippedDueTo="Filter" hash="9D-9F-49-BB-7E-31-58-51-30-B9-D0-CB-BE-03-BB-C4-18-34-53-A3">
      <ModulePath>C:\Program Files\dotnet\shared\Microsoft.NETCore.App\2.0.9\System.IO.FileSystem.dll</ModulePath>
      <ModuleTime>2018-06-14T09:45:54Z</ModuleTime>
      <ModuleName>System.IO.FileSystem</ModuleName>
      <Classes />
    </Module>
    <Module skippedDueTo="Filter" hash="B3-94-7A-B1-97-DB-61-A2-E1-8F-83-CB-32-9B-DD-BC-E5-3E-84-69">
      <ModulePath>C:\Program Files\dotnet\sdk\2.1.202\runtimes\win\lib\netcoreapp2.0\System.Text.Encoding.CodePages.dll</ModulePath>
      <ModuleTime>2018-07-02T16:03:28Z</ModuleTime>
      <ModuleName>System.Text.Encoding.CodePages</ModuleName>
      <Classes />
    </Module>
    <Module skippedDueTo="Filter" hash="DF-53-CF-67-CA-DE-B1-A5-CA-0B-98-0A-F9-4A-AB-84-6B-09-BC-3C">
      <ModulePath>C:\Program Files\dotnet\shared\Microsoft.NETCore.App\2.0.9\System.Collections.dll</ModulePath>
      <ModuleTime>2018-06-14T09:45:50Z</ModuleTime>
      <ModuleName>System.Collections</ModuleName>
      <Classes />
    </Module>
    <Module skippedDueTo="Filter" hash="D5-20-E1-C3-5E-DE-A6-C5-F5-86-74-29-6F-F7-A6-AF-1C-3F-D6-54">
      <ModulePath>C:\Program Files\dotnet\shared\Microsoft.NETCore.App\2.0.9\System.Threading.dll</ModulePath>
      <ModuleTime>2018-06-14T09:46:04Z</ModuleTime>
      <ModuleName>System.Threading</ModuleName>
      <Classes />
    </Module>
    <Module skippedDueTo="Filter" hash="43-E8-F0-B3-67-8C-54-40-51-4D-58-85-75-ED-55-E9-5C-CD-21-04">
      <ModulePath>C:\Program Files\dotnet\shared\Microsoft.NETCore.App\2.0.9\System.Collections.Concurrent.dll</ModulePath>
      <ModuleTime>2018-06-14T09:45:50Z</ModuleTime>
      <ModuleName>System.Collections.Concurrent</ModuleName>
      <Classes />
    </Module>
    <Module skippedDueTo="Filter" hash="5C-E6-2F-BA-49-00-01-04-A4-A7-C4-AB-FB-89-49-93-16-89-7A-BE">
      <ModulePath>C:\Program Files\dotnet\shared\Microsoft.NETCore.App\2.0.9\System.Threading.Thread.dll</ModulePath>
      <ModuleTime>2018-06-14T09:46:02Z</ModuleTime>
      <ModuleName>System.Threading.Thread</ModuleName>
      <Classes />
    </Module>
    <Module skippedDueTo="Filter" hash="DE-62-4F-C3-0F-F2-1E-D3-77-57-6A-CF-97-86-C2-5C-21-EB-BC-E7">
      <ModulePath>C:\Program Files\dotnet\sdk\2.1.202\Microsoft.DotNet.Configurer.dll</ModulePath>
      <ModuleTime>2018-07-02T16:04:56Z</ModuleTime>
      <ModuleName>Microsoft.DotNet.Configurer</ModuleName>
      <Classes />
    </Module>
    <Module skippedDueTo="Filter" hash="66-AB-B6-F6-A8-4D-01-87-34-04-44-FC-2D-66-47-07-8A-FE-F3-59">
      <ModulePath>C:\Program Files\dotnet\shared\Microsoft.NETCore.App\2.0.9\System.Diagnostics.Process.dll</ModulePath>
      <ModuleTime>2018-06-14T09:45:52Z</ModuleTime>
      <ModuleName>System.Diagnostics.Process</ModuleName>
      <Classes />
    </Module>
    <Module skippedDueTo="Filter" hash="03-CF-55-7E-AB-A7-EA-C5-91-9B-FF-03-9C-B9-14-D1-B6-5E-E0-5E">
      <ModulePath>C:\Program Files\dotnet\shared\Microsoft.NETCore.App\2.0.9\System.Linq.dll</ModulePath>
      <ModuleTime>2018-06-14T09:45:54Z</ModuleTime>
      <ModuleName>System.Linq</ModuleName>
      <Classes />
    </Module>
    <Module skippedDueTo="Filter" hash="3A-B7-A0-E1-F8-ED-A7-6A-80-E3-FF-47-4A-DF-A3-D7-92-1D-0F-31">
      <ModulePath>C:\Program Files\dotnet\sdk\2.1.202\NuGet.Frameworks.dll</ModulePath>
      <ModuleTime>2018-07-02T16:06:32Z</ModuleTime>
      <ModuleName>NuGet.Frameworks</ModuleName>
      <Classes />
    </Module>
    <Module skippedDueTo="Filter" hash="22-37-35-5F-8B-82-E4-E8-0C-81-FB-55-BE-16-ED-11-9E-59-BE-15">
      <ModulePath>C:\Program Files\dotnet\sdk\2.1.202\Microsoft.DotNet.Cli.CommandLine.dll</ModulePath>
      <ModuleTime>2018-07-02T16:05:06Z</ModuleTime>
      <ModuleName>Microsoft.DotNet.Cli.CommandLine</ModuleName>
      <Classes />
    </Module>
    <Module skippedDueTo="Filter" hash="74-4A-1E-37-8A-56-AD-22-E1-AE-C2-C4-38-52-DF-D7-65-36-22-E1">
      <ModulePath>C:\Program Files\dotnet\shared\Microsoft.NETCore.App\2.0.9\System.Console.dll</ModulePath>
      <ModuleTime>2018-06-14T09:45:50Z</ModuleTime>
      <ModuleName>System.Console</ModuleName>
      <Classes />
    </Module>
    <Module skippedDueTo="Filter" hash="E8-AF-01-72-9A-64-3E-8C-BE-37-33-F5-35-1D-45-6B-84-C2-55-6E">
      <ModulePath>C:\Program Files\dotnet\sdk\2.1.202\Microsoft.DotNet.InternalAbstractions.dll</ModulePath>
      <ModuleTime>2018-07-02T16:04:56Z</ModuleTime>
      <ModuleName>Microsoft.DotNet.InternalAbstractions</ModuleName>
      <Classes />
    </Module>
    <Module skippedDueTo="Filter" hash="11-3A-BA-44-77-D5-4D-EA-80-0C-BA-83-C7-51-75-1A-0F-96-44-56">
      <ModulePath>C:\Program Files\dotnet\shared\Microsoft.NETCore.App\2.0.9\System.IO.FileSystem.Primitives.dll</ModulePath>
      <ModuleTime>2018-06-14T09:45:54Z</ModuleTime>
      <ModuleName>System.IO.FileSystem.Primitives</ModuleName>
      <Classes />
    </Module>
    <Module skippedDueTo="Filter" hash="B0-3B-56-52-AE-B3-85-82-2C-49-6F-14-8D-CF-38-50-CA-42-8C-C1">
      <ModulePath>C:\Program Files\dotnet\shared\Microsoft.NETCore.App\2.0.9\System.AppContext.dll</ModulePath>
      <ModuleTime>2018-06-14T09:45:50Z</ModuleTime>
      <ModuleName>System.AppContext</ModuleName>
      <Classes />
    </Module>
    <Module skippedDueTo="Filter" hash="D8-B6-59-6C-77-EB-6C-D5-1D-63-7F-49-36-1A-39-0B-38-80-E2-7C">
      <ModulePath>C:\Program Files\dotnet\shared\Microsoft.NETCore.App\2.0.9\System.IO.dll</ModulePath>
      <ModuleTime>2018-06-14T09:45:54Z</ModuleTime>
      <ModuleName>System.IO</ModuleName>
      <Classes />
    </Module>
    <Module skippedDueTo="Filter" hash="42-AF-93-A6-0A-B6-13-72-72-49-D1-44-EF-CF-75-27-80-71-CA-15">
      <ModulePath>C:\Program Files\dotnet\shared\Microsoft.NETCore.App\2.0.9\System.Text.Encoding.Extensions.dll</ModulePath>
      <ModuleTime>2018-06-14T09:46:02Z</ModuleTime>
      <ModuleName>System.Text.Encoding.Extensions</ModuleName>
      <Classes />
    </Module>
    <Module skippedDueTo="Filter" hash="27-AB-3A-EA-EF-E9-4C-DD-A0-14-CE-4C-95-06-AB-B9-55-41-BB-F1">
      <ModulePath>C:\Program Files\dotnet\sdk\2.1.202\Microsoft.ApplicationInsights.dll</ModulePath>
      <ModuleTime>2018-07-02T16:04:58Z</ModuleTime>
      <ModuleName>Microsoft.ApplicationInsights</ModuleName>
      <Classes />
    </Module>
    <Module skippedDueTo="Filter" hash="3C-AD-0E-01-1D-3B-14-17-1E-D9-D5-82-9A-9A-5A-17-1F-7F-64-BB">
      <ModulePath>C:\Program Files\dotnet\shared\Microsoft.NETCore.App\2.0.9\System.Reflection.Extensions.dll</ModulePath>
      <ModuleTime>2018-06-14T09:46:00Z</ModuleTime>
      <ModuleName>System.Reflection.Extensions</ModuleName>
      <Classes />
    </Module>
    <Module skippedDueTo="Filter" hash="44-84-90-FC-2E-CB-A8-6E-CF-DB-F9-09-2B-85-F7-97-7D-09-0C-D7">
      <ModulePath>C:\Program Files\dotnet\shared\Microsoft.NETCore.App\2.0.9\System.Reflection.dll</ModulePath>
      <ModuleTime>2018-06-14T09:46:00Z</ModuleTime>
      <ModuleName>System.Reflection</ModuleName>
      <Classes />
    </Module>
    <Module skippedDueTo="Filter" hash="DC-A4-41-56-E5-99-C0-70-34-D6-3D-14-FA-B9-75-31-E0-49-EA-20">
      <ModulePath>C:\Program Files\dotnet\shared\Microsoft.NETCore.App\2.0.9\System.Xml.XDocument.dll</ModulePath>
      <ModuleTime>2018-06-14T09:46:04Z</ModuleTime>
      <ModuleName>System.Xml.XDocument</ModuleName>
      <Classes />
    </Module>
    <Module skippedDueTo="Filter" hash="E5-00-B1-80-28-4A-C6-43-32-1D-86-92-F5-4D-38-5C-C8-28-5C-D7">
      <ModulePath>C:\Program Files\dotnet\shared\Microsoft.NETCore.App\2.0.9\System.Private.Xml.Linq.dll</ModulePath>
      <ModuleTime>2018-06-14T09:45:58Z</ModuleTime>
      <ModuleName>System.Private.Xml.Linq</ModuleName>
      <Classes />
    </Module>
    <Module skippedDueTo="Filter" hash="7B-A7-38-41-60-A2-C5-01-B6-E9-43-77-1F-06-95-B8-72-67-D4-19">
      <ModulePath>C:\Program Files\dotnet\shared\Microsoft.NETCore.App\2.0.9\System.Security.Cryptography.Algorithms.dll</ModulePath>
      <ModuleTime>2018-06-14T09:46:02Z</ModuleTime>
      <ModuleName>System.Security.Cryptography.Algorithms</ModuleName>
      <Classes />
    </Module>
    <Module skippedDueTo="Filter" hash="EC-CD-2D-95-E5-EB-A6-17-09-10-A8-DB-F6-D1-2D-C8-9E-DE-3F-E0">
      <ModulePath>C:\Program Files\dotnet\shared\Microsoft.NETCore.App\2.0.9\System.Security.Cryptography.Primitives.dll</ModulePath>
      <ModuleTime>2018-06-14T09:46:02Z</ModuleTime>
      <ModuleName>System.Security.Cryptography.Primitives</ModuleName>
      <Classes />
    </Module>
    <Module skippedDueTo="Filter" hash="5D-D4-EA-C1-A7-9F-CD-28-16-79-7E-A8-AC-52-ED-CC-4A-6E-FD-17">
      <ModulePath>C:\Program Files\dotnet\shared\Microsoft.NETCore.App\2.0.9\System.Private.Xml.dll</ModulePath>
      <ModuleTime>2018-06-14T09:45:58Z</ModuleTime>
      <ModuleName>System.Private.Xml</ModuleName>
      <Classes />
    </Module>
    <Module skippedDueTo="Filter" hash="EF-DE-46-CF-15-5F-9A-B8-E1-D1-F4-51-59-99-DB-3F-EA-91-DB-96">
      <ModulePath>C:\Program Files\dotnet\shared\Microsoft.NETCore.App\2.0.9\System.Text.RegularExpressions.dll</ModulePath>
      <ModuleTime>2018-06-14T09:46:02Z</ModuleTime>
      <ModuleName>System.Text.RegularExpressions</ModuleName>
      <Classes />
    </Module>
    <Module skippedDueTo="Filter" hash="7A-4F-F9-6A-BA-91-87-40-8B-35-73-F8-E4-DC-93-7F-7F-93-9C-D6">
      <ModulePath>C:\Program Files\dotnet\shared\Microsoft.NETCore.App\2.0.9\System.Xml.ReaderWriter.dll</ModulePath>
      <ModuleTime>2018-06-14T09:46:04Z</ModuleTime>
      <ModuleName>System.Xml.ReaderWriter</ModuleName>
      <Classes />
    </Module>
    <Module skippedDueTo="Filter" hash="9E-DA-C3-FF-B2-91-EE-0A-AC-32-73-31-EC-D1-DA-17-9A-20-30-8A">
      <ModulePath>C:\Program Files\dotnet\shared\Microsoft.NETCore.App\2.0.9\System.Diagnostics.Tracing.dll</ModulePath>
      <ModuleTime>2018-06-14T09:45:52Z</ModuleTime>
      <ModuleName>System.Diagnostics.Tracing</ModuleName>
      <Classes />
    </Module>
    <Module skippedDueTo="Filter" hash="05-2F-53-77-1A-E4-4D-20-53-4E-74-8E-BF-92-B3-29-8E-6E-A6-B3">
      <ModulePath>C:\Program Files\dotnet\shared\Microsoft.NETCore.App\2.0.9\System.Private.Uri.dll</ModulePath>
      <ModuleTime>2018-06-14T09:45:58Z</ModuleTime>
      <ModuleName>System.Private.Uri</ModuleName>
      <Classes />
    </Module>
    <Module skippedDueTo="Filter" hash="EB-3D-3F-E7-3A-05-F1-0D-2E-EA-A4-74-E1-B9-3A-36-CC-BD-31-A9">
      <ModulePath>C:\Program Files\dotnet\shared\Microsoft.NETCore.App\2.0.9\System.Threading.Tasks.dll</ModulePath>
      <ModuleTime>2018-06-14T09:46:02Z</ModuleTime>
      <ModuleName>System.Threading.Tasks</ModuleName>
      <Classes />
    </Module>
    <Module skippedDueTo="Filter" hash="E5-E0-9C-FB-2A-0A-CF-67-A3-B3-0F-14-9B-3B-B0-5D-72-0C-91-4D">
      <ModulePath>C:\Program Files\dotnet\shared\Microsoft.NETCore.App\2.0.9\System.Globalization.dll</ModulePath>
      <ModuleTime>2018-06-14T09:45:52Z</ModuleTime>
      <ModuleName>System.Globalization</ModuleName>
      <Classes />
    </Module>
    <Module skippedDueTo="Filter" hash="14-4E-20-F0-EC-40-90-54-BD-0D-AA-D1-BD-71-1C-0D-F6-88-8E-C2">
      <ModulePath>C:\Program Files\dotnet\shared\Microsoft.NETCore.App\2.0.9\System.Resources.ResourceManager.dll</ModulePath>
      <ModuleTime>2018-06-14T09:46:00Z</ModuleTime>
      <ModuleName>System.Resources.ResourceManager</ModuleName>
      <Classes />
    </Module>
    <Module skippedDueTo="Filter" hash="72-C0-88-B5-EB-D3-CD-0B-BF-11-24-C3-55-D5-70-C2-E1-0B-9C-33">
      <ModulePath>C:\Program Files\dotnet\shared\Microsoft.NETCore.App\2.0.9\System.Diagnostics.Tools.dll</ModulePath>
      <ModuleTime>2018-06-14T09:45:52Z</ModuleTime>
      <ModuleName>System.Diagnostics.Tools</ModuleName>
      <Classes />
    </Module>
    <Module skippedDueTo="Filter" hash="4C-BD-A1-9F-8C-F8-20-90-EC-1E-44-E4-36-93-CD-00-A7-BD-41-B1">
      <ModulePath>C:\Program Files\dotnet\shared\Microsoft.NETCore.App\2.0.9\System.Diagnostics.Debug.dll</ModulePath>
      <ModuleTime>2018-06-14T09:45:52Z</ModuleTime>
      <ModuleName>System.Diagnostics.Debug</ModuleName>
      <Classes />
    </Module>
    <Module skippedDueTo="Filter" hash="94-47-2A-D2-AC-C8-E2-22-B9-4B-BD-71-39-0B-E3-50-D2-07-0D-CB">
      <ModulePath>C:\Program Files\dotnet\shared\Microsoft.NETCore.App\2.0.9\System.Text.Encoding.dll</ModulePath>
      <ModuleTime>2018-06-14T09:46:02Z</ModuleTime>
      <ModuleName>System.Text.Encoding</ModuleName>
      <Classes />
    </Module>
    <Module skippedDueTo="Filter" hash="3F-C7-D3-D3-97-73-5C-34-58-79-AF-46-3D-55-61-BD-C1-AC-E5-9E">
      <ModulePath>C:\Program Files\dotnet\shared\Microsoft.NETCore.App\2.0.9\System.IO.Compression.dll</ModulePath>
      <ModuleTime>2018-06-14T09:45:52Z</ModuleTime>
      <ModuleName>System.IO.Compression</ModuleName>
      <Classes />
    </Module>
    <Module skippedDueTo="Filter" hash="08-D2-18-64-16-A7-72-72-15-AF-0E-0D-7D-66-22-10-E3-A4-E9-54">
      <ModulePath>C:\Program Files\dotnet\shared\Microsoft.NETCore.App\2.0.9\System.Buffers.dll</ModulePath>
      <ModuleTime>2018-06-14T09:45:50Z</ModuleTime>
      <ModuleName>System.Buffers</ModuleName>
      <Classes />
    </Module>
    <Module skippedDueTo="Filter" hash="61-F3-5F-D3-28-E9-3F-02-B5-02-ED-3F-00-46-4C-22-28-7C-85-CE">
      <ModulePath>C:\Program Files\dotnet\sdk\2.1.202\Microsoft.Build.Utilities.Core.dll</ModulePath>
      <ModuleTime>2018-07-02T16:05:08Z</ModuleTime>
      <ModuleName>Microsoft.Build.Utilities.Core</ModuleName>
      <Classes />
    </Module>
    <Module skippedDueTo="Filter" hash="88-62-60-F6-C9-49-9F-2D-96-6E-9E-7B-35-44-7C-C8-2E-EA-0D-2B">
      <ModulePath>C:\Program Files\dotnet\sdk\2.1.202\Microsoft.Build.Framework.dll</ModulePath>
      <ModuleTime>2018-07-02T16:05:36Z</ModuleTime>
      <ModuleName>Microsoft.Build.Framework</ModuleName>
      <Classes />
    </Module>
    <Module skippedDueTo="Filter" hash="44-50-6F-27-E6-D6-81-B3-AF-84-4A-BD-FA-2A-B0-5D-1A-85-6C-3D">
      <ModulePath>C:\Program Files\dotnet\shared\Microsoft.NETCore.App\2.0.9\System.ComponentModel.Primitives.dll</ModulePath>
      <ModuleTime>2018-06-14T09:45:50Z</ModuleTime>
      <ModuleName>System.ComponentModel.Primitives</ModuleName>
      <Classes />
    </Module>
    <Module skippedDueTo="Filter" hash="C5-1D-7B-AC-3A-97-30-83-1D-11-35-B9-89-FD-C3-26-72-04-5F-26">
      <ModulePath>C:\Program Files\dotnet\shared\Microsoft.NETCore.App\2.0.9\Microsoft.Win32.Primitives.dll</ModulePath>
      <ModuleTime>2018-06-14T09:45:48Z</ModuleTime>
      <ModuleName>Microsoft.Win32.Primitives</ModuleName>
      <Classes />
    </Module>
    <Module skippedDueTo="Filter" hash="A7-9B-25-35-BD-0C-A6-91-D9-83-B1-F8-D9-FF-90-F6-7C-43-33-71">
      <ModulePath>C:\Program Files\dotnet\shared\Microsoft.NETCore.App\2.0.9\System.Net.Http.dll</ModulePath>
      <ModuleTime>2018-06-14T09:45:56Z</ModuleTime>
      <ModuleName>System.Net.Http</ModuleName>
      <Classes />
    </Module>
    <Module skippedDueTo="Filter" hash="71-B1-FC-F3-01-F7-1C-73-7A-A8-DD-6B-20-BD-48-AC-38-7C-F5-B6">
      <ModulePath>C:\Program Files\dotnet\shared\Microsoft.NETCore.App\2.0.9\System.Net.Primitives.dll</ModulePath>
      <ModuleTime>2018-06-14T09:45:56Z</ModuleTime>
      <ModuleName>System.Net.Primitives</ModuleName>
      <Classes />
    </Module>
    <Module skippedDueTo="Filter" hash="3D-B1-5D-74-FE-B5-AB-01-A4-24-60-FB-B2-CD-F8-DF-4A-B5-53-9F">
      <ModulePath>C:\Program Files\dotnet\shared\Microsoft.NETCore.App\2.0.9\System.Diagnostics.DiagnosticSource.dll</ModulePath>
      <ModuleTime>2018-06-14T09:45:52Z</ModuleTime>
      <ModuleName>System.Diagnostics.DiagnosticSource</ModuleName>
      <Classes />
    </Module>
    <Module skippedDueTo="Filter" hash="7F-82-95-57-42-9E-1A-71-F7-AD-93-C9-F2-39-B4-6E-5E-62-B3-CD">
      <ModulePath>C:\Program Files\dotnet\shared\Microsoft.NETCore.App\2.0.9\System.Security.Cryptography.X509Certificates.dll</ModulePath>
      <ModuleTime>2018-06-14T09:46:02Z</ModuleTime>
      <ModuleName>System.Security.Cryptography.X509Certificates</ModuleName>
      <Classes />
    </Module>
    <Module skippedDueTo="Filter" hash="C6-A8-60-6F-60-A1-AC-08-11-31-BB-B1-B8-23-05-70-74-79-9C-D2">
      <ModulePath>C:\Program Files\dotnet\shared\Microsoft.NETCore.App\2.0.9\System.Collections.NonGeneric.dll</ModulePath>
      <ModuleTime>2018-06-14T09:45:50Z</ModuleTime>
      <ModuleName>System.Collections.NonGeneric</ModuleName>
      <Classes />
    </Module>
    <Module skippedDueTo="Filter" hash="44-9C-80-98-C8-8D-FB-A7-9D-94-FD-E6-5A-C2-4F-FF-CB-3B-3F-CD">
      <ModulePath>C:\Program Files\dotnet\shared\Microsoft.NETCore.App\2.0.9\System.Private.CoreLib.dll</ModulePath>
      <ModuleTime>2018-06-14T09:46:04Z</ModuleTime>
      <ModuleName>System.Private.CoreLib</ModuleName>
      <Classes />
    </Module>
    <Module skippedDueTo="Filter" hash="D2-D2-F8-4F-AF-E3-9F-74-40-07-DB-DE-75-83-B0-DA-E1-7E-F5-56">
      <ModulePath>C:\Program Files\dotnet\sdk\2.1.202\MSBuild.dll</ModulePath>
      <ModuleTime>2018-07-02T16:07:14Z</ModuleTime>
      <ModuleName>MSBuild</ModuleName>
      <Classes />
    </Module>
    <Module skippedDueTo="Filter" hash="C9-B3-C3-8D-F4-E8-85-E1-6A-71-28-63-AF-3C-A9-B7-AF-AB-CF-81">
      <ModulePath>C:\Program Files\dotnet\shared\Microsoft.NETCore.App\2.0.9\System.Runtime.dll</ModulePath>
      <ModuleTime>2018-06-14T09:46:02Z</ModuleTime>
      <ModuleName>System.Runtime</ModuleName>
      <Classes />
    </Module>
    <Module skippedDueTo="Filter" hash="95-30-22-0A-6C-BD-BB-12-77-7C-3F-8D-C0-09-B4-34-B6-A6-B9-D7">
      <ModulePath>C:\Program Files\dotnet\shared\Microsoft.NETCore.App\2.0.9\System.Runtime.Extensions.dll</ModulePath>
      <ModuleTime>2018-06-14T09:46:00Z</ModuleTime>
      <ModuleName>System.Runtime.Extensions</ModuleName>
      <Classes />
    </Module>
    <Module skippedDueTo="Filter" hash="D5-20-E1-C3-5E-DE-A6-C5-F5-86-74-29-6F-F7-A6-AF-1C-3F-D6-54">
      <ModulePath>C:\Program Files\dotnet\shared\Microsoft.NETCore.App\2.0.9\System.Threading.dll</ModulePath>
      <ModuleTime>2018-06-14T09:46:04Z</ModuleTime>
      <ModuleName>System.Threading</ModuleName>
      <Classes />
    </Module>
    <Module skippedDueTo="Filter" hash="9D-9F-49-BB-7E-31-58-51-30-B9-D0-CB-BE-03-BB-C4-18-34-53-A3">
      <ModulePath>C:\Program Files\dotnet\shared\Microsoft.NETCore.App\2.0.9\System.IO.FileSystem.dll</ModulePath>
      <ModuleTime>2018-06-14T09:45:54Z</ModuleTime>
      <ModuleName>System.IO.FileSystem</ModuleName>
      <Classes />
    </Module>
    <Module skippedDueTo="Filter" hash="90-66-CA-B6-32-8D-FD-C1-A8-C9-09-26-E0-1A-D0-AE-69-7A-1D-34">
      <ModulePath>C:\Program Files\dotnet\shared\Microsoft.NETCore.App\2.0.9\System.Runtime.InteropServices.RuntimeInformation.dll</ModulePath>
      <ModuleTime>2018-06-14T09:46:00Z</ModuleTime>
      <ModuleName>System.Runtime.InteropServices.RuntimeInformation</ModuleName>
      <Classes />
    </Module>
    <Module skippedDueTo="Filter" hash="03-CF-55-7E-AB-A7-EA-C5-91-9B-FF-03-9C-B9-14-D1-B6-5E-E0-5E">
      <ModulePath>C:\Program Files\dotnet\shared\Microsoft.NETCore.App\2.0.9\System.Linq.dll</ModulePath>
      <ModuleTime>2018-06-14T09:45:54Z</ModuleTime>
      <ModuleName>System.Linq</ModuleName>
      <Classes />
    </Module>
    <Module skippedDueTo="Filter" hash="EF-DE-46-CF-15-5F-9A-B8-E1-D1-F4-51-59-99-DB-3F-EA-91-DB-96">
      <ModulePath>C:\Program Files\dotnet\shared\Microsoft.NETCore.App\2.0.9\System.Text.RegularExpressions.dll</ModulePath>
      <ModuleTime>2018-06-14T09:46:02Z</ModuleTime>
      <ModuleName>System.Text.RegularExpressions</ModuleName>
      <Classes />
    </Module>
    <Module skippedDueTo="Filter" hash="DF-53-CF-67-CA-DE-B1-A5-CA-0B-98-0A-F9-4A-AB-84-6B-09-BC-3C">
      <ModulePath>C:\Program Files\dotnet\shared\Microsoft.NETCore.App\2.0.9\System.Collections.dll</ModulePath>
      <ModuleTime>2018-06-14T09:45:50Z</ModuleTime>
      <ModuleName>System.Collections</ModuleName>
      <Classes />
    </Module>
    <Module skippedDueTo="Filter" hash="BD-5E-3F-DA-25-37-84-84-A2-83-F9-1C-6B-D0-47-53-FC-DD-BA-D8">
      <ModulePath>C:\Program Files\dotnet\shared\Microsoft.NETCore.App\2.0.9\System.Runtime.InteropServices.dll</ModulePath>
      <ModuleTime>2018-06-14T09:46:00Z</ModuleTime>
      <ModuleName>System.Runtime.InteropServices</ModuleName>
      <Classes />
    </Module>
    <Module skippedDueTo="Filter" hash="74-4A-1E-37-8A-56-AD-22-E1-AE-C2-C4-38-52-DF-D7-65-36-22-E1">
      <ModulePath>C:\Program Files\dotnet\shared\Microsoft.NETCore.App\2.0.9\System.Console.dll</ModulePath>
      <ModuleTime>2018-06-14T09:45:50Z</ModuleTime>
      <ModuleName>System.Console</ModuleName>
      <Classes />
    </Module>
    <Module skippedDueTo="Filter" hash="66-AB-B6-F6-A8-4D-01-87-34-04-44-FC-2D-66-47-07-8A-FE-F3-59">
      <ModulePath>C:\Program Files\dotnet\shared\Microsoft.NETCore.App\2.0.9\System.Diagnostics.Process.dll</ModulePath>
      <ModuleTime>2018-06-14T09:45:52Z</ModuleTime>
      <ModuleName>System.Diagnostics.Process</ModuleName>
      <Classes />
    </Module>
    <Module skippedDueTo="Filter" hash="44-50-6F-27-E6-D6-81-B3-AF-84-4A-BD-FA-2A-B0-5D-1A-85-6C-3D">
      <ModulePath>C:\Program Files\dotnet\shared\Microsoft.NETCore.App\2.0.9\System.ComponentModel.Primitives.dll</ModulePath>
      <ModuleTime>2018-06-14T09:45:50Z</ModuleTime>
      <ModuleName>System.ComponentModel.Primitives</ModuleName>
      <Classes />
    </Module>
    <Module skippedDueTo="Filter" hash="88-62-60-F6-C9-49-9F-2D-96-6E-9E-7B-35-44-7C-C8-2E-EA-0D-2B">
      <ModulePath>C:\Program Files\dotnet\sdk\2.1.202\Microsoft.Build.Framework.dll</ModulePath>
      <ModuleTime>2018-07-02T16:05:36Z</ModuleTime>
      <ModuleName>Microsoft.Build.Framework</ModuleName>
      <Classes />
    </Module>
    <Module skippedDueTo="Filter" hash="8E-D1-B3-38-2B-58-97-54-08-8F-27-66-BB-5F-3D-11-84-88-BF-8D">
      <ModulePath>C:\Program Files\dotnet\shared\Microsoft.NETCore.App\2.0.9\netstandard.dll</ModulePath>
      <ModuleTime>2018-06-14T09:46:04Z</ModuleTime>
      <ModuleName>netstandard</ModuleName>
      <Classes />
    </Module>
    <Module skippedDueTo="Filter" hash="9F-FD-2A-A9-9C-FD-66-23-6A-39-0E-17-89-14-BC-82-C5-7F-B9-1B">
      <ModulePath>C:\Program Files\dotnet\sdk\2.1.202\Microsoft.Build.dll</ModulePath>
      <ModuleTime>2018-07-02T16:05:20Z</ModuleTime>
      <ModuleName>Microsoft.Build</ModuleName>
      <Classes />
    </Module>
    <Module skippedDueTo="Filter" hash="B3-94-7A-B1-97-DB-61-A2-E1-8F-83-CB-32-9B-DD-BC-E5-3E-84-69">
      <ModulePath>C:\Program Files\dotnet\sdk\2.1.202\runtimes\win\lib\netcoreapp2.0\System.Text.Encoding.CodePages.dll</ModulePath>
      <ModuleTime>2018-07-02T16:03:28Z</ModuleTime>
      <ModuleName>System.Text.Encoding.CodePages</ModuleName>
      <Classes />
    </Module>
    <Module skippedDueTo="Filter" hash="43-E8-F0-B3-67-8C-54-40-51-4D-58-85-75-ED-55-E9-5C-CD-21-04">
      <ModulePath>C:\Program Files\dotnet\shared\Microsoft.NETCore.App\2.0.9\System.Collections.Concurrent.dll</ModulePath>
      <ModuleTime>2018-06-14T09:45:50Z</ModuleTime>
      <ModuleName>System.Collections.Concurrent</ModuleName>
      <Classes />
    </Module>
    <Module skippedDueTo="Filter" hash="B0-4D-64-3C-07-DC-65-60-43-59-BD-C0-84-7D-2D-31-0D-C5-81-F4">
      <ModulePath>C:\Program Files\dotnet\sdk\2.1.202\dotnet.dll</ModulePath>
      <ModuleTime>2018-07-02T16:03:40Z</ModuleTime>
      <ModuleName>dotnet</ModuleName>
      <Classes />
    </Module>
    <Module skippedDueTo="Filter" hash="61-F3-5F-D3-28-E9-3F-02-B5-02-ED-3F-00-46-4C-22-28-7C-85-CE">
      <ModulePath>C:\Program Files\dotnet\sdk\2.1.202\Microsoft.Build.Utilities.Core.dll</ModulePath>
      <ModuleTime>2018-07-02T16:05:08Z</ModuleTime>
      <ModuleName>Microsoft.Build.Utilities.Core</ModuleName>
      <Classes />
    </Module>
    <Module skippedDueTo="Filter" hash="F8-41-D6-D1-12-B5-C3-5E-79-A2-5D-FE-76-FC-6D-AA-8A-4B-3C-DD">
      <ModulePath>C:\Program Files\dotnet\sdk\2.1.202\Microsoft.DotNet.Tools.MigrateCommand.dll</ModulePath>
      <ModuleTime>2018-07-02T16:04:56Z</ModuleTime>
      <ModuleName>Microsoft.DotNet.Tools.MigrateCommand</ModuleName>
      <Classes />
    </Module>
    <Module skippedDueTo="Filter" hash="FF-56-F3-0A-D2-BB-E8-03-04-55-DC-16-30-27-26-7A-52-3A-76-D8">
      <ModulePath>C:\Program Files\dotnet\sdk\2.1.202\Microsoft.DotNet.Cli.Utils.dll</ModulePath>
      <ModuleTime>2018-07-02T16:04:56Z</ModuleTime>
      <ModuleName>Microsoft.DotNet.Cli.Utils</ModuleName>
      <Classes />
    </Module>
    <Module skippedDueTo="Filter" hash="3A-B7-A0-E1-F8-ED-A7-6A-80-E3-FF-47-4A-DF-A3-D7-92-1D-0F-31">
      <ModulePath>C:\Program Files\dotnet\sdk\2.1.202\NuGet.Frameworks.dll</ModulePath>
      <ModuleTime>2018-07-02T16:06:32Z</ModuleTime>
      <ModuleName>NuGet.Frameworks</ModuleName>
      <Classes />
    </Module>
    <Module skippedDueTo="Filter" hash="DE-62-4F-C3-0F-F2-1E-D3-77-57-6A-CF-97-86-C2-5C-21-EB-BC-E7">
      <ModulePath>C:\Program Files\dotnet\sdk\2.1.202\Microsoft.DotNet.Configurer.dll</ModulePath>
      <ModuleTime>2018-07-02T16:04:56Z</ModuleTime>
      <ModuleName>Microsoft.DotNet.Configurer</ModuleName>
      <Classes />
    </Module>
    <Module skippedDueTo="Filter" hash="E8-AF-01-72-9A-64-3E-8C-BE-37-33-F5-35-1D-45-6B-84-C2-55-6E">
      <ModulePath>C:\Program Files\dotnet\sdk\2.1.202\Microsoft.DotNet.InternalAbstractions.dll</ModulePath>
      <ModuleTime>2018-07-02T16:04:56Z</ModuleTime>
      <ModuleName>Microsoft.DotNet.InternalAbstractions</ModuleName>
      <Classes />
    </Module>
    <Module skippedDueTo="Filter" hash="11-3A-BA-44-77-D5-4D-EA-80-0C-BA-83-C7-51-75-1A-0F-96-44-56">
      <ModulePath>C:\Program Files\dotnet\shared\Microsoft.NETCore.App\2.0.9\System.IO.FileSystem.Primitives.dll</ModulePath>
      <ModuleTime>2018-06-14T09:45:54Z</ModuleTime>
      <ModuleName>System.IO.FileSystem.Primitives</ModuleName>
      <Classes />
    </Module>
    <Module skippedDueTo="Filter" hash="42-AF-93-A6-0A-B6-13-72-72-49-D1-44-EF-CF-75-27-80-71-CA-15">
      <ModulePath>C:\Program Files\dotnet\shared\Microsoft.NETCore.App\2.0.9\System.Text.Encoding.Extensions.dll</ModulePath>
      <ModuleTime>2018-06-14T09:46:02Z</ModuleTime>
      <ModuleName>System.Text.Encoding.Extensions</ModuleName>
      <Classes />
    </Module>
    <Module skippedDueTo="Filter" hash="27-AB-3A-EA-EF-E9-4C-DD-A0-14-CE-4C-95-06-AB-B9-55-41-BB-F1">
      <ModulePath>C:\Program Files\dotnet\sdk\2.1.202\Microsoft.ApplicationInsights.dll</ModulePath>
      <ModuleTime>2018-07-02T16:04:58Z</ModuleTime>
      <ModuleName>Microsoft.ApplicationInsights</ModuleName>
      <Classes />
    </Module>
    <Module skippedDueTo="Filter" hash="45-F8-D0-4F-F1-05-4E-9F-66-82-93-6D-DC-78-1A-F9-68-84-01-76">
      <ModulePath>C:\Program Files\dotnet\sdk\2.1.202\Microsoft.DotNet.PlatformAbstractions.dll</ModulePath>
      <ModuleTime>2018-07-02T16:04:56Z</ModuleTime>
      <ModuleName>Microsoft.DotNet.PlatformAbstractions</ModuleName>
      <Classes />
    </Module>
    <Module skippedDueTo="Filter" hash="3C-AD-0E-01-1D-3B-14-17-1E-D9-D5-82-9A-9A-5A-17-1F-7F-64-BB">
      <ModulePath>C:\Program Files\dotnet\shared\Microsoft.NETCore.App\2.0.9\System.Reflection.Extensions.dll</ModulePath>
      <ModuleTime>2018-06-14T09:46:00Z</ModuleTime>
      <ModuleName>System.Reflection.Extensions</ModuleName>
      <Classes />
    </Module>
    <Module skippedDueTo="Filter" hash="44-84-90-FC-2E-CB-A8-6E-CF-DB-F9-09-2B-85-F7-97-7D-09-0C-D7">
      <ModulePath>C:\Program Files\dotnet\shared\Microsoft.NETCore.App\2.0.9\System.Reflection.dll</ModulePath>
      <ModuleTime>2018-06-14T09:46:00Z</ModuleTime>
      <ModuleName>System.Reflection</ModuleName>
      <Classes />
    </Module>
    <Module skippedDueTo="Filter" hash="DC-A4-41-56-E5-99-C0-70-34-D6-3D-14-FA-B9-75-31-E0-49-EA-20">
      <ModulePath>C:\Program Files\dotnet\shared\Microsoft.NETCore.App\2.0.9\System.Xml.XDocument.dll</ModulePath>
      <ModuleTime>2018-06-14T09:46:04Z</ModuleTime>
      <ModuleName>System.Xml.XDocument</ModuleName>
      <Classes />
    </Module>
    <Module skippedDueTo="Filter" hash="E5-00-B1-80-28-4A-C6-43-32-1D-86-92-F5-4D-38-5C-C8-28-5C-D7">
      <ModulePath>C:\Program Files\dotnet\shared\Microsoft.NETCore.App\2.0.9\System.Private.Xml.Linq.dll</ModulePath>
      <ModuleTime>2018-06-14T09:45:58Z</ModuleTime>
      <ModuleName>System.Private.Xml.Linq</ModuleName>
      <Classes />
    </Module>
    <Module skippedDueTo="Filter" hash="5D-D4-EA-C1-A7-9F-CD-28-16-79-7E-A8-AC-52-ED-CC-4A-6E-FD-17">
      <ModulePath>C:\Program Files\dotnet\shared\Microsoft.NETCore.App\2.0.9\System.Private.Xml.dll</ModulePath>
      <ModuleTime>2018-06-14T09:45:58Z</ModuleTime>
      <ModuleName>System.Private.Xml</ModuleName>
      <Classes />
    </Module>
    <Module skippedDueTo="Filter" hash="7A-4F-F9-6A-BA-91-87-40-8B-35-73-F8-E4-DC-93-7F-7F-93-9C-D6">
      <ModulePath>C:\Program Files\dotnet\shared\Microsoft.NETCore.App\2.0.9\System.Xml.ReaderWriter.dll</ModulePath>
      <ModuleTime>2018-06-14T09:46:04Z</ModuleTime>
      <ModuleName>System.Xml.ReaderWriter</ModuleName>
      <Classes />
    </Module>
    <Module skippedDueTo="Filter" hash="9E-DA-C3-FF-B2-91-EE-0A-AC-32-73-31-EC-D1-DA-17-9A-20-30-8A">
      <ModulePath>C:\Program Files\dotnet\shared\Microsoft.NETCore.App\2.0.9\System.Diagnostics.Tracing.dll</ModulePath>
      <ModuleTime>2018-06-14T09:45:52Z</ModuleTime>
      <ModuleName>System.Diagnostics.Tracing</ModuleName>
      <Classes />
    </Module>
    <Module skippedDueTo="Filter" hash="05-2F-53-77-1A-E4-4D-20-53-4E-74-8E-BF-92-B3-29-8E-6E-A6-B3">
      <ModulePath>C:\Program Files\dotnet\shared\Microsoft.NETCore.App\2.0.9\System.Private.Uri.dll</ModulePath>
      <ModuleTime>2018-06-14T09:45:58Z</ModuleTime>
      <ModuleName>System.Private.Uri</ModuleName>
      <Classes />
    </Module>
    <Module skippedDueTo="Filter" hash="EB-3D-3F-E7-3A-05-F1-0D-2E-EA-A4-74-E1-B9-3A-36-CC-BD-31-A9">
      <ModulePath>C:\Program Files\dotnet\shared\Microsoft.NETCore.App\2.0.9\System.Threading.Tasks.dll</ModulePath>
      <ModuleTime>2018-06-14T09:46:02Z</ModuleTime>
      <ModuleName>System.Threading.Tasks</ModuleName>
      <Classes />
    </Module>
    <Module skippedDueTo="Filter" hash="E5-E0-9C-FB-2A-0A-CF-67-A3-B3-0F-14-9B-3B-B0-5D-72-0C-91-4D">
      <ModulePath>C:\Program Files\dotnet\shared\Microsoft.NETCore.App\2.0.9\System.Globalization.dll</ModulePath>
      <ModuleTime>2018-06-14T09:45:52Z</ModuleTime>
      <ModuleName>System.Globalization</ModuleName>
      <Classes />
    </Module>
    <Module skippedDueTo="Filter" hash="C2-6B-51-D2-E6-C7-AE-FE-31-49-68-0A-75-45-22-52-44-FC-CF-4C">
      <ModulePath>C:\Program Files\dotnet\shared\Microsoft.NETCore.App\2.0.9\System.Threading.Tasks.Dataflow.dll</ModulePath>
      <ModuleTime>2018-06-14T09:46:02Z</ModuleTime>
      <ModuleName>System.Threading.Tasks.Dataflow</ModuleName>
      <Classes />
    </Module>
    <Module skippedDueTo="Filter" hash="7B-A7-38-41-60-A2-C5-01-B6-E9-43-77-1F-06-95-B8-72-67-D4-19">
      <ModulePath>C:\Program Files\dotnet\shared\Microsoft.NETCore.App\2.0.9\System.Security.Cryptography.Algorithms.dll</ModulePath>
      <ModuleTime>2018-06-14T09:46:02Z</ModuleTime>
      <ModuleName>System.Security.Cryptography.Algorithms</ModuleName>
      <Classes />
    </Module>
    <Module skippedDueTo="Filter" hash="EC-CD-2D-95-E5-EB-A6-17-09-10-A8-DB-F6-D1-2D-C8-9E-DE-3F-E0">
      <ModulePath>C:\Program Files\dotnet\shared\Microsoft.NETCore.App\2.0.9\System.Security.Cryptography.Primitives.dll</ModulePath>
      <ModuleTime>2018-06-14T09:46:02Z</ModuleTime>
      <ModuleName>System.Security.Cryptography.Primitives</ModuleName>
      <Classes />
    </Module>
    <Module skippedDueTo="Filter" hash="14-4E-20-F0-EC-40-90-54-BD-0D-AA-D1-BD-71-1C-0D-F6-88-8E-C2">
      <ModulePath>C:\Program Files\dotnet\shared\Microsoft.NETCore.App\2.0.9\System.Resources.ResourceManager.dll</ModulePath>
      <ModuleTime>2018-06-14T09:46:00Z</ModuleTime>
      <ModuleName>System.Resources.ResourceManager</ModuleName>
      <Classes />
    </Module>
    <Module skippedDueTo="Filter" hash="66-3C-4F-6E-5A-6A-03-85-92-B4-B3-A1-5C-C0-BA-B1-FA-C1-B5-44">
      <ModulePath>C:\Program Files\dotnet\shared\Microsoft.NETCore.App\2.0.9\System.ObjectModel.dll</ModulePath>
      <ModuleTime>2018-06-14T09:45:58Z</ModuleTime>
      <ModuleName>System.ObjectModel</ModuleName>
      <Classes />
    </Module>
    <Module skippedDueTo="Filter" hash="5C-E6-2F-BA-49-00-01-04-A4-A7-C4-AB-FB-89-49-93-16-89-7A-BE">
      <ModulePath>C:\Program Files\dotnet\shared\Microsoft.NETCore.App\2.0.9\System.Threading.Thread.dll</ModulePath>
      <ModuleTime>2018-06-14T09:46:02Z</ModuleTime>
      <ModuleName>System.Threading.Thread</ModuleName>
      <Classes />
    </Module>
    <Module skippedDueTo="Filter" hash="19-C4-20-8F-FB-64-CD-34-23-CD-6D-8E-F7-E1-B6-B9-67-1F-BD-E3">
      <ModulePath>C:\Program Files\dotnet\shared\Microsoft.NETCore.App\2.0.9\System.Diagnostics.TraceSource.dll</ModulePath>
      <ModuleTime>2018-06-14T09:45:52Z</ModuleTime>
      <ModuleName>System.Diagnostics.TraceSource</ModuleName>
      <Classes />
    </Module>
    <Module skippedDueTo="Filter" hash="D2-95-62-82-67-79-CB-70-28-87-AC-0A-38-37-10-AE-25-1B-73-8A">
      <ModulePath>C:\Program Files\dotnet\shared\Microsoft.NETCore.App\2.0.9\System.Runtime.Loader.dll</ModulePath>
      <ModuleTime>2018-06-14T09:46:00Z</ModuleTime>
      <ModuleName>System.Runtime.Loader</ModuleName>
      <Classes />
    </Module>
    <Module skippedDueTo="Filter" hash="80-A2-1D-BA-8F-A0-44-0D-4A-29-CD-FF-26-6D-B3-68-56-07-85-93">
      <ModulePath>C:\Program Files\dotnet\sdk\2.1.202\SdkResolvers\NuGet.MSBuildSdkResolver\NuGet.MSBuildSdkResolver.dll</ModulePath>
      <ModuleTime>2018-07-02T16:06:22Z</ModuleTime>
      <ModuleName>NuGet.MSBuildSdkResolver</ModuleName>
      <Classes />
    </Module>
    <Module skippedDueTo="Filter" hash="FF-B3-CC-EF-92-F1-16-30-11-85-C7-9C-8A-1F-3F-FA-20-33-D9-1F">
      <ModulePath>C:\Program Files\dotnet\shared\Microsoft.NETCore.App\2.0.9\System.Diagnostics.FileVersionInfo.dll</ModulePath>
      <ModuleTime>2018-06-14T09:45:52Z</ModuleTime>
      <ModuleName>System.Diagnostics.FileVersionInfo</ModuleName>
      <Classes />
    </Module>
    <Module skippedDueTo="Filter" hash="19-63-EA-88-2C-51-9E-C5-94-B6-A8-06-00-8E-32-C9-B8-B6-24-D7">
      <ModulePath>C:\Program Files\dotnet\shared\Microsoft.NETCore.App\2.0.9\System.Collections.Immutable.dll</ModulePath>
      <ModuleTime>2018-06-14T09:45:50Z</ModuleTime>
      <ModuleName>System.Collections.Immutable</ModuleName>
      <Classes />
    </Module>
    <Module skippedDueTo="Filter" hash="15-9D-7F-33-53-77-47-8E-D4-DD-42-C7-35-B3-6B-BF-FE-8C-C1-53">
      <ModulePath>C:\Program Files\dotnet\shared\Microsoft.NETCore.App\2.0.9\System.Threading.Tasks.Parallel.dll</ModulePath>
      <ModuleTime>2018-06-14T09:46:02Z</ModuleTime>
      <ModuleName>System.Threading.Tasks.Parallel</ModuleName>
      <Classes />
    </Module>
    <Module skippedDueTo="Filter" hash="23-24-46-92-DB-39-34-F5-55-9B-E8-7F-A5-43-D8-29-D2-81-A7-DF">
      <ModulePath>C:\Program Files\dotnet\sdk\2.1.202\Microsoft.Build.Tasks.Core.dll</ModulePath>
      <ModuleTime>2018-07-02T16:05:18Z</ModuleTime>
      <ModuleName>Microsoft.Build.Tasks.Core</ModuleName>
      <Classes />
    </Module>
    <Module skippedDueTo="Filter" hash="1E-C6-A8-77-2D-AA-4F-44-5B-E7-93-C4-EA-43-A5-5E-75-3F-8C-52">
      <ModulePath>C:\Program Files\dotnet\shared\Microsoft.NETCore.App\2.0.9\System.Threading.ThreadPool.dll</ModulePath>
      <ModuleTime>2018-06-14T09:46:04Z</ModuleTime>
      <ModuleName>System.Threading.ThreadPool</ModuleName>
      <Classes />
    </Module>
    <Module skippedDueTo="Filter" hash="87-43-C1-C6-32-ED-2E-E4-7A-08-CD-E2-B9-D0-DE-38-B0-6C-DE-08">
      <ModulePath>C:\Program Files\dotnet\sdk\2.1.202\NuGet.Build.Tasks.dll</ModulePath>
      <ModuleTime>2018-07-02T16:06:22Z</ModuleTime>
      <ModuleName>NuGet.Build.Tasks</ModuleName>
      <Classes />
    </Module>
    <Module skippedDueTo="Filter" hash="40-37-73-E4-46-29-88-06-53-15-0D-44-3C-1E-32-9D-6B-C9-F6-49">
      <ModulePath>C:\Program Files\dotnet\sdk\2.1.202\NuGet.Commands.dll</ModulePath>
      <ModuleTime>2018-07-02T16:06:24Z</ModuleTime>
      <ModuleName>NuGet.Commands</ModuleName>
      <Classes />
    </Module>
    <Module skippedDueTo="Filter" hash="6B-1F-59-F8-36-9A-BF-44-9B-B5-24-35-84-6B-59-19-C7-98-74-00">
      <ModulePath>C:\Program Files\dotnet\sdk\2.1.202\NuGet.Common.dll</ModulePath>
      <ModuleTime>2018-07-02T16:07:02Z</ModuleTime>
      <ModuleName>NuGet.Common</ModuleName>
      <Classes />
    </Module>
    <Module skippedDueTo="Filter" hash="C6-A8-60-6F-60-A1-AC-08-11-31-BB-B1-B8-23-05-70-74-79-9C-D2">
      <ModulePath>C:\Program Files\dotnet\shared\Microsoft.NETCore.App\2.0.9\System.Collections.NonGeneric.dll</ModulePath>
      <ModuleTime>2018-06-14T09:45:50Z</ModuleTime>
      <ModuleName>System.Collections.NonGeneric</ModuleName>
      <Classes />
    </Module>
    <Module skippedDueTo="Filter" hash="C5-1D-7B-AC-3A-97-30-83-1D-11-35-B9-89-FD-C3-26-72-04-5F-26">
      <ModulePath>C:\Program Files\dotnet\shared\Microsoft.NETCore.App\2.0.9\Microsoft.Win32.Primitives.dll</ModulePath>
      <ModuleTime>2018-06-14T09:45:48Z</ModuleTime>
      <ModuleName>Microsoft.Win32.Primitives</ModuleName>
      <Classes />
    </Module>
    <Module skippedDueTo="Filter" hash="74-87-AC-83-86-46-91-08-DE-13-2B-1E-71-08-22-47-81-2D-C5-4E">
      <ModulePath>C:\Program Files\dotnet\shared\Microsoft.NETCore.App\2.0.9\System.ComponentModel.dll</ModulePath>
      <ModuleTime>2018-06-14T09:45:50Z</ModuleTime>
      <ModuleName>System.ComponentModel</ModuleName>
      <Classes />
    </Module>
    <Module skippedDueTo="Filter" hash="1C-42-61-32-C6-D6-17-57-42-4A-E7-3C-C6-56-A1-E3-DC-0F-D5-C3">
      <ModulePath>C:\Program Files\dotnet\sdk\2.1.202\Sdks\Microsoft.NET.Sdk\build\..\tools\netcoreapp1.0/Microsoft.NET.Build.Tasks.dll</ModulePath>
      <ModuleTime>2018-07-02T16:06:06Z</ModuleTime>
      <ModuleName>Microsoft.NET.Build.Tasks</ModuleName>
      <Classes />
    </Module>
    <Module skippedDueTo="Filter" hash="3C-47-82-59-56-B0-07-92-12-8C-72-8F-68-C5-C1-27-D2-F5-27-15">
      <ModulePath>C:\Program Files\dotnet\sdk\2.1.202\NuGet.Configuration.dll</ModulePath>
      <ModuleTime>2018-07-02T16:06:22Z</ModuleTime>
      <ModuleName>NuGet.Configuration</ModuleName>
      <Classes />
    </Module>
    <Module skippedDueTo="Filter" hash="D8-B6-59-6C-77-EB-6C-D5-1D-63-7F-49-36-1A-39-0B-38-80-E2-7C">
      <ModulePath>C:\Program Files\dotnet\shared\Microsoft.NETCore.App\2.0.9\System.IO.dll</ModulePath>
      <ModuleTime>2018-06-14T09:45:54Z</ModuleTime>
      <ModuleName>System.IO</ModuleName>
      <Classes />
    </Module>
    <Module skippedDueTo="Filter" hash="94-47-2A-D2-AC-C8-E2-22-B9-4B-BD-71-39-0B-E3-50-D2-07-0D-CB">
      <ModulePath>C:\Program Files\dotnet\shared\Microsoft.NETCore.App\2.0.9\System.Text.Encoding.dll</ModulePath>
      <ModuleTime>2018-06-14T09:46:02Z</ModuleTime>
      <ModuleName>System.Text.Encoding</ModuleName>
      <Classes />
    </Module>
    <Module skippedDueTo="Filter" hash="09-8A-78-0F-89-E0-4A-84-EA-7B-48-0D-78-70-4C-49-F7-A3-23-AE">
      <ModulePath>C:\Program Files\dotnet\sdk\2.1.202\NuGet.ProjectModel.dll</ModulePath>
      <ModuleTime>2018-07-02T16:06:42Z</ModuleTime>
      <ModuleName>NuGet.ProjectModel</ModuleName>
      <Classes />
    </Module>
    <Module skippedDueTo="Filter" hash="67-D4-85-08-F3-FF-37-28-4D-BB-D6-DF-9C-1E-FE-B9-A7-12-C2-FC">
      <ModulePath>C:\Program Files\dotnet\sdk\2.1.202\NuGet.Versioning.dll</ModulePath>
      <ModuleTime>2018-07-02T16:06:32Z</ModuleTime>
      <ModuleName>NuGet.Versioning</ModuleName>
      <Classes />
    </Module>
    <Module skippedDueTo="Filter" hash="FD-3F-AC-B9-63-C8-0B-23-60-15-23-9E-43-DA-FF-F5-D3-5C-D5-A3">
      <ModulePath>C:\Program Files\dotnet\sdk\2.1.202\NuGet.Protocol.dll</ModulePath>
      <ModuleTime>2018-07-02T16:06:44Z</ModuleTime>
      <ModuleName>NuGet.Protocol</ModuleName>
      <Classes />
    </Module>
    <Module skippedDueTo="Filter" hash="DF-F3-25-01-BD-7C-A6-E1-22-73-69-26-83-85-A5-67-6C-23-57-B6">
      <ModulePath>C:\Program Files\dotnet\sdk\2.1.202\NuGet.Packaging.dll</ModulePath>
      <ModuleTime>2018-07-02T16:06:42Z</ModuleTime>
      <ModuleName>NuGet.Packaging</ModuleName>
      <Classes />
    </Module>
    <Module skippedDueTo="Filter" hash="5F-73-63-53-80-B2-25-B0-3F-70-D0-4C-4C-2B-E1-D1-C0-FF-A6-60">
      <ModulePath>C:\Program Files\dotnet\sdk\2.1.202\NuGet.DependencyResolver.Core.dll</ModulePath>
      <ModuleTime>2018-07-02T16:06:32Z</ModuleTime>
      <ModuleName>NuGet.DependencyResolver.Core</ModuleName>
      <Classes />
    </Module>
    <Module skippedDueTo="Filter" hash="4C-A3-15-2F-5F-B4-1C-F3-8B-E9-DC-37-60-DB-82-FA-B9-0D-40-2A">
      <ModulePath>C:\Program Files\dotnet\sdk\2.1.202\NuGet.Packaging.Core.dll</ModulePath>
      <ModuleTime>2018-07-02T16:06:32Z</ModuleTime>
      <ModuleName>NuGet.Packaging.Core</ModuleName>
      <Classes />
    </Module>
    <Module skippedDueTo="Filter" hash="0D-B3-78-2F-1C-92-63-22-66-78-FB-A4-1B-55-75-F0-53-17-68-B9">
      <ModulePath>C:\Program Files\dotnet\sdk\2.1.202\Newtonsoft.Json.dll</ModulePath>
      <ModuleTime>2018-07-02T16:06:38Z</ModuleTime>
      <ModuleName>Newtonsoft.Json</ModuleName>
      <Classes />
    </Module>
    <Module skippedDueTo="Filter" hash="86-BC-71-46-0B-8D-00-D6-0F-86-99-7E-A6-F6-FE-E7-6D-9B-AF-7C">
      <ModulePath>C:\Program Files\dotnet\shared\Microsoft.NETCore.App\2.0.9\System.Dynamic.Runtime.dll</ModulePath>
      <ModuleTime>2018-06-14T09:45:52Z</ModuleTime>
      <ModuleName>System.Dynamic.Runtime</ModuleName>
      <Classes />
    </Module>
    <Module skippedDueTo="Filter" hash="A4-DE-38-83-DB-43-7E-4E-85-8C-AE-C8-20-24-0A-D2-FC-C5-7F-D6">
      <ModulePath>C:\Program Files\dotnet\shared\Microsoft.NETCore.App\2.0.9\System.Linq.Expressions.dll</ModulePath>
      <ModuleTime>2018-06-14T09:45:54Z</ModuleTime>
      <ModuleName>System.Linq.Expressions</ModuleName>
      <Classes />
    </Module>
    <Module skippedDueTo="Filter" hash="0C-B7-DE-57-45-1F-20-8E-74-1D-D4-86-ED-45-AE-9E-9A-81-25-92">
      <ModulePath>C:\Program Files\dotnet\sdk\2.1.202\NuGet.LibraryModel.dll</ModulePath>
      <ModuleTime>2018-07-02T16:06:22Z</ModuleTime>
      <ModuleName>NuGet.LibraryModel</ModuleName>
      <Classes />
    </Module>
    <Module skippedDueTo="Filter" hash="1B-8D-FA-A5-73-D8-B8-56-7E-B0-A2-E6-80-0D-F9-8D-EB-52-D9-41">
      <ModulePath>C:\Program Files\dotnet\shared\Microsoft.NETCore.App\2.0.9\System.Runtime.Serialization.Primitives.dll</ModulePath>
      <ModuleTime>2018-06-14T09:46:02Z</ModuleTime>
      <ModuleName>System.Runtime.Serialization.Primitives</ModuleName>
      <Classes />
    </Module>
    <Module skippedDueTo="Filter" hash="1E-43-51-58-DD-A9-DA-94-1C-85-3C-6A-5C-4C-86-7F-51-F9-A9-AE">
      <ModulePath>C:\Program Files\dotnet\sdk\2.1.202\Microsoft.TestPlatform.Build.dll</ModulePath>
      <ModuleTime>2018-07-02T16:04:56Z</ModuleTime>
      <ModuleName>Microsoft.TestPlatform.Build</ModuleName>
      <Classes />
    </Module>
    <Module skippedDueTo="Filter" hash="72-C0-88-B5-EB-D3-CD-0B-BF-11-24-C3-55-D5-70-C2-E1-0B-9C-33">
      <ModulePath>C:\Program Files\dotnet\shared\Microsoft.NETCore.App\2.0.9\System.Diagnostics.Tools.dll</ModulePath>
      <ModuleTime>2018-06-14T09:45:52Z</ModuleTime>
      <ModuleName>System.Diagnostics.Tools</ModuleName>
      <Classes />
    </Module>
    <Module skippedDueTo="Filter" hash="4C-BD-A1-9F-8C-F8-20-90-EC-1E-44-E4-36-93-CD-00-A7-BD-41-B1">
      <ModulePath>C:\Program Files\dotnet\shared\Microsoft.NETCore.App\2.0.9\System.Diagnostics.Debug.dll</ModulePath>
      <ModuleTime>2018-06-14T09:45:52Z</ModuleTime>
      <ModuleName>System.Diagnostics.Debug</ModuleName>
      <Classes />
    </Module>
    <Module skippedDueTo="Filter" hash="3F-C7-D3-D3-97-73-5C-34-58-79-AF-46-3D-55-61-BD-C1-AC-E5-9E">
      <ModulePath>C:\Program Files\dotnet\shared\Microsoft.NETCore.App\2.0.9\System.IO.Compression.dll</ModulePath>
      <ModuleTime>2018-06-14T09:45:52Z</ModuleTime>
      <ModuleName>System.IO.Compression</ModuleName>
      <Classes />
    </Module>
    <Module skippedDueTo="Filter" hash="08-D2-18-64-16-A7-72-72-15-AF-0E-0D-7D-66-22-10-E3-A4-E9-54">
      <ModulePath>C:\Program Files\dotnet\shared\Microsoft.NETCore.App\2.0.9\System.Buffers.dll</ModulePath>
      <ModuleTime>2018-06-14T09:45:50Z</ModuleTime>
      <ModuleName>System.Buffers</ModuleName>
      <Classes />
    </Module>
    <Module skippedDueTo="Filter" hash="A7-9B-25-35-BD-0C-A6-91-D9-83-B1-F8-D9-FF-90-F6-7C-43-33-71">
      <ModulePath>C:\Program Files\dotnet\shared\Microsoft.NETCore.App\2.0.9\System.Net.Http.dll</ModulePath>
      <ModuleTime>2018-06-14T09:45:56Z</ModuleTime>
      <ModuleName>System.Net.Http</ModuleName>
      <Classes />
    </Module>
    <Module skippedDueTo="Filter" hash="71-B1-FC-F3-01-F7-1C-73-7A-A8-DD-6B-20-BD-48-AC-38-7C-F5-B6">
      <ModulePath>C:\Program Files\dotnet\shared\Microsoft.NETCore.App\2.0.9\System.Net.Primitives.dll</ModulePath>
      <ModuleTime>2018-06-14T09:45:56Z</ModuleTime>
      <ModuleName>System.Net.Primitives</ModuleName>
      <Classes />
    </Module>
    <Module skippedDueTo="Filter" hash="3D-B1-5D-74-FE-B5-AB-01-A4-24-60-FB-B2-CD-F8-DF-4A-B5-53-9F">
      <ModulePath>C:\Program Files\dotnet\shared\Microsoft.NETCore.App\2.0.9\System.Diagnostics.DiagnosticSource.dll</ModulePath>
      <ModuleTime>2018-06-14T09:45:52Z</ModuleTime>
      <ModuleName>System.Diagnostics.DiagnosticSource</ModuleName>
      <Classes />
    </Module>
    <Module skippedDueTo="Filter" hash="7F-82-95-57-42-9E-1A-71-F7-AD-93-C9-F2-39-B4-6E-5E-62-B3-CD">
      <ModulePath>C:\Program Files\dotnet\shared\Microsoft.NETCore.App\2.0.9\System.Security.Cryptography.X509Certificates.dll</ModulePath>
      <ModuleTime>2018-06-14T09:46:02Z</ModuleTime>
      <ModuleName>System.Security.Cryptography.X509Certificates</ModuleName>
      <Classes />
    </Module>
    <Module skippedDueTo="Filter" hash="D9-A1-4C-AD-59-02-C0-91-11-DD-50-86-CB-86-59-93-CF-A9-C5-DD">
      <ModulePath>C:\Program Files\dotnet\shared\Microsoft.NETCore.App\2.0.9\System.Reflection.Metadata.dll</ModulePath>
      <ModuleTime>2018-06-14T09:46:00Z</ModuleTime>
      <ModuleName>System.Reflection.Metadata</ModuleName>
      <Classes />
    </Module>
    <Module skippedDueTo="Filter" hash="14-05-BC-86-26-DC-73-08-B9-5D-70-E9-34-77-E1-24-3B-19-EC-C7">
      <ModulePath>C:\Program Files\dotnet\shared\Microsoft.NETCore.App\2.0.9\System.IO.MemoryMappedFiles.dll</ModulePath>
      <ModuleTime>2018-06-14T09:45:54Z</ModuleTime>
      <ModuleName>System.IO.MemoryMappedFiles</ModuleName>
      <Classes />
    </Module>
    <Module skippedDueTo="Filter" hash="F0-9D-00-7B-DD-DB-12-6B-B0-75-12-C1-2B-43-DE-EE-D8-FD-52-15">
      <ModulePath>C:\Program Files\dotnet\shared\Microsoft.NETCore.App\2.0.9\System.Runtime.Serialization.Formatters.dll</ModulePath>
      <ModuleTime>2018-06-14T09:46:02Z</ModuleTime>
      <ModuleName>System.Runtime.Serialization.Formatters</ModuleName>
      <Classes />
    </Module>
    <Module skippedDueTo="Filter" hash="54-F3-68-AC-3A-60-F6-39-D6-56-BA-FB-88-BE-E6-37-AC-E9-7E-65">
      <ModulePath>C:\Program Files\dotnet\shared\Microsoft.NETCore.App\2.0.9\mscorlib.dll</ModulePath>
      <ModuleTime>2018-06-14T09:45:48Z</ModuleTime>
      <ModuleName>mscorlib</ModuleName>
      <Classes />
    </Module>
    <Module skippedDueTo="Filter" hash="C8-64-DE-8C-94-8E-34-FD-20-21-51-DE-90-03-9F-1E-2C-B8-34-14">
      <ModulePath>C:\Program Files\dotnet\shared\Microsoft.NETCore.App\2.0.9\System.Core.dll</ModulePath>
      <ModuleTime>2018-06-14T09:45:50Z</ModuleTime>
      <ModuleName>System.Core</ModuleName>
      <Classes />
    </Module>
    <Module skippedDueTo="Filter" hash="44-9C-80-98-C8-8D-FB-A7-9D-94-FD-E6-5A-C2-4F-FF-CB-3B-3F-CD">
      <ModulePath>C:\Program Files\dotnet\shared\Microsoft.NETCore.App\2.0.9\System.Private.CoreLib.dll</ModulePath>
      <ModuleTime>2018-06-14T09:46:04Z</ModuleTime>
      <ModuleName>System.Private.CoreLib</ModuleName>
      <Classes />
    </Module>
    <Module skippedDueTo="Filter" hash="1C-3E-9A-DF-AE-86-E2-5F-AF-CE-12-47-14-C8-20-F6-DE-FF-24-82">
      <ModulePath>C:\Program Files\dotnet\sdk\2.1.202\vstest.console.dll</ModulePath>
      <ModuleTime>2018-07-02T16:06:44Z</ModuleTime>
      <ModuleName>vstest.console</ModuleName>
      <Classes />
    </Module>
    <Module skippedDueTo="Filter" hash="C9-B3-C3-8D-F4-E8-85-E1-6A-71-28-63-AF-3C-A9-B7-AF-AB-CF-81">
      <ModulePath>C:\Program Files\dotnet\shared\Microsoft.NETCore.App\2.0.9\System.Runtime.dll</ModulePath>
      <ModuleTime>2018-06-14T09:46:02Z</ModuleTime>
      <ModuleName>System.Runtime</ModuleName>
      <Classes />
    </Module>
    <Module skippedDueTo="Filter" hash="66-AB-B6-F6-A8-4D-01-87-34-04-44-FC-2D-66-47-07-8A-FE-F3-59">
      <ModulePath>C:\Program Files\dotnet\shared\Microsoft.NETCore.App\2.0.9\System.Diagnostics.Process.dll</ModulePath>
      <ModuleTime>2018-06-14T09:45:52Z</ModuleTime>
      <ModuleName>System.Diagnostics.Process</ModuleName>
      <Classes />
    </Module>
    <Module skippedDueTo="Filter" hash="44-50-6F-27-E6-D6-81-B3-AF-84-4A-BD-FA-2A-B0-5D-1A-85-6C-3D">
      <ModulePath>C:\Program Files\dotnet\shared\Microsoft.NETCore.App\2.0.9\System.ComponentModel.Primitives.dll</ModulePath>
      <ModuleTime>2018-06-14T09:45:50Z</ModuleTime>
      <ModuleName>System.ComponentModel.Primitives</ModuleName>
      <Classes />
    </Module>
    <Module skippedDueTo="Filter" hash="95-30-22-0A-6C-BD-BB-12-77-7C-3F-8D-C0-09-B4-34-B6-A6-B9-D7">
      <ModulePath>C:\Program Files\dotnet\shared\Microsoft.NETCore.App\2.0.9\System.Runtime.Extensions.dll</ModulePath>
      <ModuleTime>2018-06-14T09:46:00Z</ModuleTime>
      <ModuleName>System.Runtime.Extensions</ModuleName>
      <Classes />
    </Module>
    <Module skippedDueTo="Filter" hash="AD-50-6C-9D-40-7D-3C-46-9B-0C-B5-A3-43-CE-CD-8B-85-4C-D0-BB">
      <ModulePath>C:\Program Files\dotnet\sdk\2.1.202\Microsoft.TestPlatform.CoreUtilities.dll</ModulePath>
      <ModuleTime>2018-07-02T16:05:08Z</ModuleTime>
      <ModuleName>Microsoft.TestPlatform.CoreUtilities</ModuleName>
      <Classes />
    </Module>
    <Module skippedDueTo="Filter" hash="4C-BD-A1-9F-8C-F8-20-90-EC-1E-44-E4-36-93-CD-00-A7-BD-41-B1">
      <ModulePath>C:\Program Files\dotnet\shared\Microsoft.NETCore.App\2.0.9\System.Diagnostics.Debug.dll</ModulePath>
      <ModuleTime>2018-06-14T09:45:52Z</ModuleTime>
      <ModuleName>System.Diagnostics.Debug</ModuleName>
      <Classes />
    </Module>
    <Module skippedDueTo="Filter" hash="5C-E6-2F-BA-49-00-01-04-A4-A7-C4-AB-FB-89-49-93-16-89-7A-BE">
      <ModulePath>C:\Program Files\dotnet\shared\Microsoft.NETCore.App\2.0.9\System.Threading.Thread.dll</ModulePath>
      <ModuleTime>2018-06-14T09:46:02Z</ModuleTime>
      <ModuleName>System.Threading.Thread</ModuleName>
      <Classes />
    </Module>
    <Module skippedDueTo="Filter" hash="D5-20-E1-C3-5E-DE-A6-C5-F5-86-74-29-6F-F7-A6-AF-1C-3F-D6-54">
      <ModulePath>C:\Program Files\dotnet\shared\Microsoft.NETCore.App\2.0.9\System.Threading.dll</ModulePath>
      <ModuleTime>2018-06-14T09:46:04Z</ModuleTime>
      <ModuleName>System.Threading</ModuleName>
      <Classes />
    </Module>
    <Module skippedDueTo="Filter" hash="74-4A-1E-37-8A-56-AD-22-E1-AE-C2-C4-38-52-DF-D7-65-36-22-E1">
      <ModulePath>C:\Program Files\dotnet\shared\Microsoft.NETCore.App\2.0.9\System.Console.dll</ModulePath>
      <ModuleTime>2018-06-14T09:45:50Z</ModuleTime>
      <ModuleName>System.Console</ModuleName>
      <Classes />
    </Module>
    <Module skippedDueTo="Filter" hash="D8-B6-59-6C-77-EB-6C-D5-1D-63-7F-49-36-1A-39-0B-38-80-E2-7C">
      <ModulePath>C:\Program Files\dotnet\shared\Microsoft.NETCore.App\2.0.9\System.IO.dll</ModulePath>
      <ModuleTime>2018-06-14T09:45:54Z</ModuleTime>
      <ModuleName>System.IO</ModuleName>
      <Classes />
    </Module>
    <Module skippedDueTo="Filter" hash="42-AF-93-A6-0A-B6-13-72-72-49-D1-44-EF-CF-75-27-80-71-CA-15">
      <ModulePath>C:\Program Files\dotnet\shared\Microsoft.NETCore.App\2.0.9\System.Text.Encoding.Extensions.dll</ModulePath>
      <ModuleTime>2018-06-14T09:46:02Z</ModuleTime>
      <ModuleName>System.Text.Encoding.Extensions</ModuleName>
      <Classes />
    </Module>
    <Module skippedDueTo="Filter" hash="9E-DA-C3-FF-B2-91-EE-0A-AC-32-73-31-EC-D1-DA-17-9A-20-30-8A">
      <ModulePath>C:\Program Files\dotnet\shared\Microsoft.NETCore.App\2.0.9\System.Diagnostics.Tracing.dll</ModulePath>
      <ModuleTime>2018-06-14T09:45:52Z</ModuleTime>
      <ModuleName>System.Diagnostics.Tracing</ModuleName>
      <Classes />
    </Module>
    <Module skippedDueTo="Filter" hash="DF-53-CF-67-CA-DE-B1-A5-CA-0B-98-0A-F9-4A-AB-84-6B-09-BC-3C">
      <ModulePath>C:\Program Files\dotnet\shared\Microsoft.NETCore.App\2.0.9\System.Collections.dll</ModulePath>
      <ModuleTime>2018-06-14T09:45:50Z</ModuleTime>
      <ModuleName>System.Collections</ModuleName>
      <Classes />
    </Module>
    <Module skippedDueTo="Filter" hash="37-43-54-BB-09-6B-6B-95-E9-3F-EB-E8-DD-3C-E2-E1-69-2E-1D-7A">
      <ModulePath>C:\Program Files\dotnet\sdk\2.1.202\Microsoft.VisualStudio.TestPlatform.ObjectModel.dll</ModulePath>
      <ModuleTime>2018-07-02T16:05:28Z</ModuleTime>
      <ModuleName>Microsoft.VisualStudio.TestPlatform.ObjectModel</ModuleName>
      <Classes />
    </Module>
    <Module skippedDueTo="Filter" hash="FD-5A-22-FC-15-57-FF-BD-B0-D0-32-68-0A-C5-5C-2B-5A-E4-E1-2D">
      <ModulePath>C:\Program Files\dotnet\sdk\2.1.202\Microsoft.VisualStudio.TestPlatform.Client.dll</ModulePath>
      <ModuleTime>2018-07-02T16:04:58Z</ModuleTime>
      <ModuleName>Microsoft.VisualStudio.TestPlatform.Client</ModuleName>
      <Classes />
    </Module>
    <Module skippedDueTo="Filter" hash="C8-2D-8A-06-5E-03-6D-65-C7-50-F2-50-BB-BE-76-F2-81-C5-C0-3D">
      <ModulePath>C:\Program Files\dotnet\sdk\2.1.202\Microsoft.VisualStudio.TestPlatform.Common.dll</ModulePath>
      <ModuleTime>2018-07-02T16:05:16Z</ModuleTime>
      <ModuleName>Microsoft.VisualStudio.TestPlatform.Common</ModuleName>
      <Classes />
    </Module>
    <Module skippedDueTo="Filter" hash="03-CF-55-7E-AB-A7-EA-C5-91-9B-FF-03-9C-B9-14-D1-B6-5E-E0-5E">
      <ModulePath>C:\Program Files\dotnet\shared\Microsoft.NETCore.App\2.0.9\System.Linq.dll</ModulePath>
      <ModuleTime>2018-06-14T09:45:54Z</ModuleTime>
      <ModuleName>System.Linq</ModuleName>
      <Classes />
    </Module>
    <Module skippedDueTo="Filter" hash="BD-5E-3F-DA-25-37-84-84-A2-83-F9-1C-6B-D0-47-53-FC-DD-BA-D8">
      <ModulePath>C:\Program Files\dotnet\shared\Microsoft.NETCore.App\2.0.9\System.Runtime.InteropServices.dll</ModulePath>
      <ModuleTime>2018-06-14T09:46:00Z</ModuleTime>
      <ModuleName>System.Runtime.InteropServices</ModuleName>
      <Classes />
    </Module>
    <Module skippedDueTo="Filter" hash="14-4E-20-F0-EC-40-90-54-BD-0D-AA-D1-BD-71-1C-0D-F6-88-8E-C2">
      <ModulePath>C:\Program Files\dotnet\shared\Microsoft.NETCore.App\2.0.9\System.Resources.ResourceManager.dll</ModulePath>
      <ModuleTime>2018-06-14T09:46:00Z</ModuleTime>
      <ModuleName>System.Resources.ResourceManager</ModuleName>
      <Classes />
    </Module>
    <Module skippedDueTo="Filter" hash="11-3A-BA-44-77-D5-4D-EA-80-0C-BA-83-C7-51-75-1A-0F-96-44-56">
      <ModulePath>C:\Program Files\dotnet\shared\Microsoft.NETCore.App\2.0.9\System.IO.FileSystem.Primitives.dll</ModulePath>
      <ModuleTime>2018-06-14T09:45:54Z</ModuleTime>
      <ModuleName>System.IO.FileSystem.Primitives</ModuleName>
      <Classes />
    </Module>
    <Module skippedDueTo="Filter" hash="9D-9F-49-BB-7E-31-58-51-30-B9-D0-CB-BE-03-BB-C4-18-34-53-A3">
      <ModulePath>C:\Program Files\dotnet\shared\Microsoft.NETCore.App\2.0.9\System.IO.FileSystem.dll</ModulePath>
      <ModuleTime>2018-06-14T09:45:54Z</ModuleTime>
      <ModuleName>System.IO.FileSystem</ModuleName>
      <Classes />
    </Module>
    <Module skippedDueTo="Filter" hash="7A-4F-F9-6A-BA-91-87-40-8B-35-73-F8-E4-DC-93-7F-7F-93-9C-D6">
      <ModulePath>C:\Program Files\dotnet\shared\Microsoft.NETCore.App\2.0.9\System.Xml.ReaderWriter.dll</ModulePath>
      <ModuleTime>2018-06-14T09:46:04Z</ModuleTime>
      <ModuleName>System.Xml.ReaderWriter</ModuleName>
      <Classes />
    </Module>
    <Module skippedDueTo="Filter" hash="5D-D4-EA-C1-A7-9F-CD-28-16-79-7E-A8-AC-52-ED-CC-4A-6E-FD-17">
      <ModulePath>C:\Program Files\dotnet\shared\Microsoft.NETCore.App\2.0.9\System.Private.Xml.dll</ModulePath>
      <ModuleTime>2018-06-14T09:45:58Z</ModuleTime>
      <ModuleName>System.Private.Xml</ModuleName>
      <Classes />
    </Module>
    <Module skippedDueTo="Filter" hash="9F-2C-D3-C9-59-8C-2A-50-CE-B3-24-64-41-1B-39-8D-7A-3D-C9-A0">
      <ModulePath>C:\Program Files\dotnet\sdk\2.1.202\Microsoft.TestPlatform.PlatformAbstractions.dll</ModulePath>
      <ModuleTime>2018-07-02T16:04:56Z</ModuleTime>
      <ModuleName>Microsoft.TestPlatform.PlatformAbstractions</ModuleName>
      <Classes />
    </Module>
    <Module skippedDueTo="Filter" hash="D7-33-3F-4C-A3-18-E1-7E-DE-8C-58-2D-0F-28-0E-25-9E-F7-A4-E8">
      <ModulePath>C:\Program Files\dotnet\shared\Microsoft.NETCore.App\2.0.9\System.Xml.XmlDocument.dll</ModulePath>
      <ModuleTime>2018-06-14T09:46:04Z</ModuleTime>
      <ModuleName>System.Xml.XmlDocument</ModuleName>
      <Classes />
    </Module>
    <Module skippedDueTo="Filter" hash="74-6C-AB-26-AF-93-8B-96-03-B5-1B-7E-84-EA-FE-29-ED-DB-12-88">
      <ModulePath>C:\Program Files\dotnet\sdk\2.1.202\Microsoft.TestPlatform.Utilities.dll</ModulePath>
      <ModuleTime>2018-07-02T16:04:56Z</ModuleTime>
      <ModuleName>Microsoft.TestPlatform.Utilities</ModuleName>
      <Classes />
    </Module>
    <Module skippedDueTo="Filter" hash="90-66-CA-B6-32-8D-FD-C1-A8-C9-09-26-E0-1A-D0-AE-69-7A-1D-34">
      <ModulePath>C:\Program Files\dotnet\shared\Microsoft.NETCore.App\2.0.9\System.Runtime.InteropServices.RuntimeInformation.dll</ModulePath>
      <ModuleTime>2018-06-14T09:46:00Z</ModuleTime>
      <ModuleName>System.Runtime.InteropServices.RuntimeInformation</ModuleName>
      <Classes />
    </Module>
    <Module skippedDueTo="Filter" hash="05-2F-53-77-1A-E4-4D-20-53-4E-74-8E-BF-92-B3-29-8E-6E-A6-B3">
      <ModulePath>C:\Program Files\dotnet\shared\Microsoft.NETCore.App\2.0.9\System.Private.Uri.dll</ModulePath>
      <ModuleTime>2018-06-14T09:45:58Z</ModuleTime>
      <ModuleName>System.Private.Uri</ModuleName>
      <Classes />
    </Module>
    <Module skippedDueTo="Filter" hash="AA-E9-C1-B1-A1-8D-01-A9-65-20-9E-32-46-7B-51-65-E8-45-89-80">
      <ModulePath>C:\Program Files\dotnet\sdk\2.1.202\System.Xml.XPath.XmlDocument.dll</ModulePath>
      <ModuleTime>2018-07-02T16:03:40Z</ModuleTime>
      <ModuleName>System.Xml.XPath.XmlDocument</ModuleName>
      <Classes />
    </Module>
    <Module skippedDueTo="Filter" hash="8B-CF-E2-FE-9F-32-1A-58-D1-1B-97-71-5F-9E-C5-FE-57-28-A7-D8">
      <ModulePath>C:\Program Files\dotnet\shared\Microsoft.NETCore.App\2.0.9\System.Xml.XPath.dll</ModulePath>
      <ModuleTime>2018-06-14T09:46:04Z</ModuleTime>
      <ModuleName>System.Xml.XPath</ModuleName>
      <Classes />
    </Module>
    <Module skippedDueTo="Filter" hash="E5-E0-9C-FB-2A-0A-CF-67-A3-B3-0F-14-9B-3B-B0-5D-72-0C-91-4D">
      <ModulePath>C:\Program Files\dotnet\shared\Microsoft.NETCore.App\2.0.9\System.Globalization.dll</ModulePath>
      <ModuleTime>2018-06-14T09:45:52Z</ModuleTime>
      <ModuleName>System.Globalization</ModuleName>
      <Classes />
    </Module>
    <Module skippedDueTo="Filter" hash="19-C4-20-8F-FB-64-CD-34-23-CD-6D-8E-F7-E1-B6-B9-67-1F-BD-E3">
      <ModulePath>C:\Program Files\dotnet\shared\Microsoft.NETCore.App\2.0.9\System.Diagnostics.TraceSource.dll</ModulePath>
      <ModuleTime>2018-06-14T09:45:52Z</ModuleTime>
      <ModuleName>System.Diagnostics.TraceSource</ModuleName>
      <Classes />
    </Module>
    <Module skippedDueTo="Filter" hash="C6-A8-60-6F-60-A1-AC-08-11-31-BB-B1-B8-23-05-70-74-79-9C-D2">
      <ModulePath>C:\Program Files\dotnet\shared\Microsoft.NETCore.App\2.0.9\System.Collections.NonGeneric.dll</ModulePath>
      <ModuleTime>2018-06-14T09:45:50Z</ModuleTime>
      <ModuleName>System.Collections.NonGeneric</ModuleName>
      <Classes />
    </Module>
    <Module skippedDueTo="Filter" hash="4B-EE-0A-37-9C-59-26-B4-3D-56-14-B8-E8-1C-48-05-3E-12-AB-25">
      <ModulePath>C:\Program Files\dotnet\sdk\2.1.202\Microsoft.TestPlatform.CrossPlatEngine.dll</ModulePath>
      <ModuleTime>2018-07-02T16:04:58Z</ModuleTime>
      <ModuleName>Microsoft.TestPlatform.CrossPlatEngine</ModuleName>
      <Classes />
    </Module>
    <Module skippedDueTo="Filter" hash="44-84-90-FC-2E-CB-A8-6E-CF-DB-F9-09-2B-85-F7-97-7D-09-0C-D7">
      <ModulePath>C:\Program Files\dotnet\shared\Microsoft.NETCore.App\2.0.9\System.Reflection.dll</ModulePath>
      <ModuleTime>2018-06-14T09:46:00Z</ModuleTime>
      <ModuleName>System.Reflection</ModuleName>
      <Classes />
    </Module>
    <Module skippedDueTo="Filter" hash="EB-3D-3F-E7-3A-05-F1-0D-2E-EA-A4-74-E1-B9-3A-36-CC-BD-31-A9">
      <ModulePath>C:\Program Files\dotnet\shared\Microsoft.NETCore.App\2.0.9\System.Threading.Tasks.dll</ModulePath>
      <ModuleTime>2018-06-14T09:46:02Z</ModuleTime>
      <ModuleName>System.Threading.Tasks</ModuleName>
      <Classes />
    </Module>
    <Module skippedDueTo="Filter" hash="D2-95-62-82-67-79-CB-70-28-87-AC-0A-38-37-10-AE-25-1B-73-8A">
      <ModulePath>C:\Program Files\dotnet\shared\Microsoft.NETCore.App\2.0.9\System.Runtime.Loader.dll</ModulePath>
      <ModuleTime>2018-06-14T09:46:00Z</ModuleTime>
      <ModuleName>System.Runtime.Loader</ModuleName>
      <Classes />
    </Module>
    <Module skippedDueTo="Filter" hash="CE-BA-7A-0D-42-C9-2C-01-E7-2A-62-83-AD-90-2E-B3-F2-01-B1-11">
      <ModulePath>C:\Program Files\dotnet\sdk\2.1.202\Extensions\Microsoft.TestPlatform.Extensions.BlameDataCollector.dll</ModulePath>
      <ModuleTime>2018-07-02T16:03:48Z</ModuleTime>
      <ModuleName>Microsoft.TestPlatform.Extensions.BlameDataCollector</ModuleName>
      <Classes />
    </Module>
    <Module skippedDueTo="Filter" hash="F4-FB-4A-7D-75-D4-3A-6D-DB-B8-57-57-CE-52-02-14-15-7D-A6-F7">
      <ModulePath>C:\Program Files\dotnet\shared\Microsoft.NETCore.App\2.0.9\System.Reflection.TypeExtensions.dll</ModulePath>
      <ModuleTime>2018-06-14T09:46:00Z</ModuleTime>
      <ModuleName>System.Reflection.TypeExtensions</ModuleName>
      <Classes />
    </Module>
    <Module skippedDueTo="Filter" hash="D1-96-B0-22-63-7F-5C-2F-C9-67-2B-AD-71-62-65-7E-F8-D7-97-8A">
      <ModulePath>C:\Program Files\dotnet\sdk\2.1.202\Extensions\Microsoft.TestPlatform.Extensions.EventLogCollector.dll</ModulePath>
      <ModuleTime>2018-07-02T16:03:38Z</ModuleTime>
      <ModuleName>Microsoft.TestPlatform.Extensions.EventLogCollector</ModuleName>
      <Classes />
    </Module>
    <Module skippedDueTo="Filter" hash="54-F3-68-AC-3A-60-F6-39-D6-56-BA-FB-88-BE-E6-37-AC-E9-7E-65">
      <ModulePath>C:\Program Files\dotnet\shared\Microsoft.NETCore.App\2.0.9\mscorlib.dll</ModulePath>
      <ModuleTime>2018-06-14T09:45:48Z</ModuleTime>
      <ModuleName>mscorlib</ModuleName>
      <Classes />
    </Module>
    <Module skippedDueTo="Filter" hash="24-75-5A-81-BD-EF-0E-27-16-7A-E3-12-5C-75-27-EE-C8-39-53-A2">
      <ModulePath>C:\Program Files\dotnet\shared\Microsoft.NETCore.App\2.0.9\System.Xml.dll</ModulePath>
      <ModuleTime>2018-06-14T09:46:04Z</ModuleTime>
      <ModuleName>System.Xml</ModuleName>
      <Classes />
    </Module>
    <Module skippedDueTo="Filter" hash="20-7E-FF-BA-CF-82-92-A1-CE-E9-80-9C-87-A8-BD-85-78-65-03-6F">
      <ModulePath>C:\Program Files\dotnet\sdk\2.1.202\Extensions\Microsoft.TestPlatform.TestHostRuntimeProvider.dll</ModulePath>
      <ModuleTime>2018-07-02T16:03:28Z</ModuleTime>
      <ModuleName>Microsoft.TestPlatform.TestHostRuntimeProvider</ModuleName>
      <Classes />
    </Module>
    <Module skippedDueTo="Filter" hash="3C-AD-0E-01-1D-3B-14-17-1E-D9-D5-82-9A-9A-5A-17-1F-7F-64-BB">
      <ModulePath>C:\Program Files\dotnet\shared\Microsoft.NETCore.App\2.0.9\System.Reflection.Extensions.dll</ModulePath>
      <ModuleTime>2018-06-14T09:46:00Z</ModuleTime>
      <ModuleName>System.Reflection.Extensions</ModuleName>
      <Classes />
    </Module>
    <Module skippedDueTo="Filter" hash="53-DC-B9-BE-0F-1D-E0-A0-5F-73-23-E9-08-87-A4-68-DF-E9-93-65">
      <ModulePath>C:\Program Files\dotnet\sdk\2.1.202\Extensions\Microsoft.VisualStudio.TestPlatform.Extensions.Trx.TestLogger.dll</ModulePath>
      <ModuleTime>2018-07-02T16:03:38Z</ModuleTime>
      <ModuleName>Microsoft.VisualStudio.TestPlatform.Extensions.Trx.TestLogger</ModuleName>
      <Classes />
    </Module>
    <Module skippedDueTo="Filter" hash="D9-A1-4C-AD-59-02-C0-91-11-DD-50-86-CB-86-59-93-CF-A9-C5-DD">
      <ModulePath>C:\Program Files\dotnet\shared\Microsoft.NETCore.App\2.0.9\System.Reflection.Metadata.dll</ModulePath>
      <ModuleTime>2018-06-14T09:46:00Z</ModuleTime>
      <ModuleName>System.Reflection.Metadata</ModuleName>
      <Classes />
    </Module>
    <Module skippedDueTo="Filter" hash="19-63-EA-88-2C-51-9E-C5-94-B6-A8-06-00-8E-32-C9-B8-B6-24-D7">
      <ModulePath>C:\Program Files\dotnet\shared\Microsoft.NETCore.App\2.0.9\System.Collections.Immutable.dll</ModulePath>
      <ModuleTime>2018-06-14T09:45:50Z</ModuleTime>
      <ModuleName>System.Collections.Immutable</ModuleName>
      <Classes />
    </Module>
    <Module skippedDueTo="Filter" hash="C5-1D-7B-AC-3A-97-30-83-1D-11-35-B9-89-FD-C3-26-72-04-5F-26">
      <ModulePath>C:\Program Files\dotnet\shared\Microsoft.NETCore.App\2.0.9\Microsoft.Win32.Primitives.dll</ModulePath>
      <ModuleTime>2018-06-14T09:45:48Z</ModuleTime>
      <ModuleName>Microsoft.Win32.Primitives</ModuleName>
      <Classes />
    </Module>
    <Module skippedDueTo="Filter" hash="A6-7B-1E-BA-40-5C-63-1E-C1-24-51-F1-48-F4-62-CE-42-EE-A8-8B">
      <ModulePath>C:\Program Files\dotnet\sdk\2.1.202\Microsoft.TestPlatform.CommunicationUtilities.dll</ModulePath>
      <ModuleTime>2018-07-02T16:05:08Z</ModuleTime>
      <ModuleName>Microsoft.TestPlatform.CommunicationUtilities</ModuleName>
      <Classes />
    </Module>
    <Module skippedDueTo="Filter" hash="0D-B3-78-2F-1C-92-63-22-66-78-FB-A4-1B-55-75-F0-53-17-68-B9">
      <ModulePath>C:\Program Files\dotnet\sdk\2.1.202\Newtonsoft.Json.dll</ModulePath>
      <ModuleTime>2018-07-02T16:06:38Z</ModuleTime>
      <ModuleName>Newtonsoft.Json</ModuleName>
      <Classes />
    </Module>
    <Module skippedDueTo="Filter" hash="1B-8D-FA-A5-73-D8-B8-56-7E-B0-A2-E6-80-0D-F9-8D-EB-52-D9-41">
      <ModulePath>C:\Program Files\dotnet\shared\Microsoft.NETCore.App\2.0.9\System.Runtime.Serialization.Primitives.dll</ModulePath>
      <ModuleTime>2018-06-14T09:46:02Z</ModuleTime>
      <ModuleName>System.Runtime.Serialization.Primitives</ModuleName>
      <Classes />
    </Module>
    <Module skippedDueTo="Filter" hash="43-E8-F0-B3-67-8C-54-40-51-4D-58-85-75-ED-55-E9-5C-CD-21-04">
      <ModulePath>C:\Program Files\dotnet\shared\Microsoft.NETCore.App\2.0.9\System.Collections.Concurrent.dll</ModulePath>
      <ModuleTime>2018-06-14T09:45:50Z</ModuleTime>
      <ModuleName>System.Collections.Concurrent</ModuleName>
      <Classes />
    </Module>
    <Module skippedDueTo="Filter" hash="F6-91-80-96-D7-58-74-73-37-9C-B8-5C-D0-ED-D7-47-07-F2-3F-ED">
      <ModulePath>C:\Program Files\dotnet\shared\Microsoft.NETCore.App\2.0.9\System.Threading.Timer.dll</ModulePath>
      <ModuleTime>2018-06-14T09:46:04Z</ModuleTime>
      <ModuleName>System.Threading.Timer</ModuleName>
      <Classes />
    </Module>
    <Module skippedDueTo="Filter" hash="71-B1-FC-F3-01-F7-1C-73-7A-A8-DD-6B-20-BD-48-AC-38-7C-F5-B6">
      <ModulePath>C:\Program Files\dotnet\shared\Microsoft.NETCore.App\2.0.9\System.Net.Primitives.dll</ModulePath>
      <ModuleTime>2018-06-14T09:45:56Z</ModuleTime>
      <ModuleName>System.Net.Primitives</ModuleName>
      <Classes />
    </Module>
    <Module skippedDueTo="Filter" hash="F7-69-39-71-1C-BD-01-D3-09-A5-E7-F3-4F-7B-06-01-C1-16-F4-C4">
      <ModulePath>C:\Program Files\dotnet\shared\Microsoft.NETCore.App\2.0.9\System.Net.Sockets.dll</ModulePath>
      <ModuleTime>2018-06-14T09:45:56Z</ModuleTime>
      <ModuleName>System.Net.Sockets</ModuleName>
      <Classes />
    </Module>
    <Module skippedDueTo="Filter" hash="B7-D9-97-A0-CF-7E-98-D0-F6-AE-22-58-7C-85-29-9E-75-98-E9-05">
      <ModulePath>C:\Program Files\dotnet\shared\Microsoft.NETCore.App\2.0.9\System.Threading.Overlapped.dll</ModulePath>
      <ModuleTime>2018-06-14T09:46:02Z</ModuleTime>
      <ModuleName>System.Threading.Overlapped</ModuleName>
      <Classes />
    </Module>
    <Module skippedDueTo="Filter" hash="AE-BC-B6-B1-EE-D3-1D-EB-DC-8B-54-68-A9-EB-11-11-4B-27-94-3F">
      <ModulePath>C:\Program Files\dotnet\shared\Microsoft.NETCore.App\2.0.9\System.Net.NameResolution.dll</ModulePath>
      <ModuleTime>2018-06-14T09:45:56Z</ModuleTime>
      <ModuleName>System.Net.NameResolution</ModuleName>
      <Classes />
    </Module>
    <Module skippedDueTo="Filter" hash="66-D1-2D-60-86-F5-F6-E3-DE-A4-67-B6-D4-51-57-51-CD-D3-06-72">
      <ModulePath>C:\Program Files\dotnet\sdk\2.1.202\Microsoft.Extensions.DependencyModel.dll</ModulePath>
      <ModuleTime>2018-07-02T16:05:18Z</ModuleTime>
      <ModuleName>Microsoft.Extensions.DependencyModel</ModuleName>
      <Classes />
    </Module>
    <Module skippedDueTo="Filter" hash="86-BC-71-46-0B-8D-00-D6-0F-86-99-7E-A6-F6-FE-E7-6D-9B-AF-7C">
      <ModulePath>C:\Program Files\dotnet\shared\Microsoft.NETCore.App\2.0.9\System.Dynamic.Runtime.dll</ModulePath>
      <ModuleTime>2018-06-14T09:45:52Z</ModuleTime>
      <ModuleName>System.Dynamic.Runtime</ModuleName>
      <Classes />
    </Module>
    <Module skippedDueTo="Filter" hash="A4-DE-38-83-DB-43-7E-4E-85-8C-AE-C8-20-24-0A-D2-FC-C5-7F-D6">
      <ModulePath>C:\Program Files\dotnet\shared\Microsoft.NETCore.App\2.0.9\System.Linq.Expressions.dll</ModulePath>
      <ModuleTime>2018-06-14T09:45:54Z</ModuleTime>
      <ModuleName>System.Linq.Expressions</ModuleName>
      <Classes />
    </Module>
    <Module skippedDueTo="Filter" hash="66-3C-4F-6E-5A-6A-03-85-92-B4-B3-A1-5C-C0-BA-B1-FA-C1-B5-44">
      <ModulePath>C:\Program Files\dotnet\shared\Microsoft.NETCore.App\2.0.9\System.ObjectModel.dll</ModulePath>
      <ModuleTime>2018-06-14T09:45:58Z</ModuleTime>
      <ModuleName>System.ObjectModel</ModuleName>
      <Classes />
    </Module>
    <Module skippedDueTo="Filter" hash="1E-C6-A8-77-2D-AA-4F-44-5B-E7-93-C4-EA-43-A5-5E-75-3F-8C-52">
      <ModulePath>C:\Program Files\dotnet\shared\Microsoft.NETCore.App\2.0.9\System.Threading.ThreadPool.dll</ModulePath>
      <ModuleTime>2018-06-14T09:46:04Z</ModuleTime>
      <ModuleName>System.Threading.ThreadPool</ModuleName>
      <Classes />
    </Module>
    <Module skippedDueTo="Filter" hash="44-9C-80-98-C8-8D-FB-A7-9D-94-FD-E6-5A-C2-4F-FF-CB-3B-3F-CD">
      <ModulePath>C:\Program Files\dotnet\shared\Microsoft.NETCore.App\2.0.9\System.Private.CoreLib.dll</ModulePath>
      <ModuleTime>2018-06-14T09:46:04Z</ModuleTime>
      <ModuleName>System.Private.CoreLib</ModuleName>
      <Classes />
    </Module>
    <Module skippedDueTo="Filter" hash="AB-53-D7-4D-A0-5D-F8-E6-3B-B0-A8-FA-93-65-03-08-45-E6-98-AE">
      <ModulePath>C:\Users\crochefolle\.nuget\packages\microsoft.testplatform.testhost\15.7.0\lib\netstandard1.5\testhost.dll</ModulePath>
      <ModuleTime>2018-04-02T16:13:24Z</ModuleTime>
      <ModuleName>testhost</ModuleName>
      <Classes />
    </Module>
    <Module skippedDueTo="Filter" hash="C9-B3-C3-8D-F4-E8-85-E1-6A-71-28-63-AF-3C-A9-B7-AF-AB-CF-81">
      <ModulePath>C:\Program Files\dotnet\shared\Microsoft.NETCore.App\2.0.9\System.Runtime.dll</ModulePath>
      <ModuleTime>2018-06-14T09:46:02Z</ModuleTime>
      <ModuleName>System.Runtime</ModuleName>
      <Classes />
    </Module>
    <Module skippedDueTo="Filter" hash="95-DA-82-EF-BD-0A-F0-F2-C0-2C-C3-A7-CB-02-CE-5E-1C-E7-F3-A8">
      <ModulePath>C:\Users\crochefolle\.nuget\packages\microsoft.testplatform.objectmodel\15.7.0\lib\netstandard1.5\Microsoft.TestPlatform.CoreUtilities.dll</ModulePath>
      <ModuleTime>2018-04-02T16:13:24Z</ModuleTime>
      <ModuleName>Microsoft.TestPlatform.CoreUtilities</ModuleName>
      <Classes />
    </Module>
    <Module skippedDueTo="Filter" hash="9E-DA-C3-FF-B2-91-EE-0A-AC-32-73-31-EC-D1-DA-17-9A-20-30-8A">
      <ModulePath>C:\Program Files\dotnet\shared\Microsoft.NETCore.App\2.0.9\System.Diagnostics.Tracing.dll</ModulePath>
      <ModuleTime>2018-06-14T09:45:52Z</ModuleTime>
      <ModuleName>System.Diagnostics.Tracing</ModuleName>
      <Classes />
    </Module>
    <Module skippedDueTo="Filter" hash="27-94-7F-F6-F4-FE-7D-02-20-C2-96-6F-B3-DC-C8-84-D8-47-14-41">
      <ModulePath>C:\Users\crochefolle\.nuget\packages\microsoft.testplatform.objectmodel\15.7.0\lib\netstandard1.5\Microsoft.TestPlatform.PlatformAbstractions.dll</ModulePath>
      <ModuleTime>2018-04-02T16:13:24Z</ModuleTime>
      <ModuleName>Microsoft.TestPlatform.PlatformAbstractions</ModuleName>
      <Classes />
    </Module>
    <Module skippedDueTo="Filter" hash="95-30-22-0A-6C-BD-BB-12-77-7C-3F-8D-C0-09-B4-34-B6-A6-B9-D7">
      <ModulePath>C:\Program Files\dotnet\shared\Microsoft.NETCore.App\2.0.9\System.Runtime.Extensions.dll</ModulePath>
      <ModuleTime>2018-06-14T09:46:00Z</ModuleTime>
      <ModuleName>System.Runtime.Extensions</ModuleName>
      <Classes />
    </Module>
    <Module skippedDueTo="Filter" hash="4C-BD-A1-9F-8C-F8-20-90-EC-1E-44-E4-36-93-CD-00-A7-BD-41-B1">
      <ModulePath>C:\Program Files\dotnet\shared\Microsoft.NETCore.App\2.0.9\System.Diagnostics.Debug.dll</ModulePath>
      <ModuleTime>2018-06-14T09:45:52Z</ModuleTime>
      <ModuleName>System.Diagnostics.Debug</ModuleName>
      <Classes />
    </Module>
    <Module skippedDueTo="Filter" hash="EB-3D-3F-E7-3A-05-F1-0D-2E-EA-A4-74-E1-B9-3A-36-CC-BD-31-A9">
      <ModulePath>C:\Program Files\dotnet\shared\Microsoft.NETCore.App\2.0.9\System.Threading.Tasks.dll</ModulePath>
      <ModuleTime>2018-06-14T09:46:02Z</ModuleTime>
      <ModuleName>System.Threading.Tasks</ModuleName>
      <Classes />
    </Module>
    <Module skippedDueTo="Filter" hash="DF-53-CF-67-CA-DE-B1-A5-CA-0B-98-0A-F9-4A-AB-84-6B-09-BC-3C">
      <ModulePath>C:\Program Files\dotnet\shared\Microsoft.NETCore.App\2.0.9\System.Collections.dll</ModulePath>
      <ModuleTime>2018-06-14T09:45:50Z</ModuleTime>
      <ModuleName>System.Collections</ModuleName>
      <Classes />
    </Module>
    <Module skippedDueTo="Filter" hash="24-3D-4B-CF-99-93-9C-8B-A7-72-51-22-D8-3B-17-EC-1D-3B-4F-6F">
      <ModulePath>C:\Users\crochefolle\.nuget\packages\microsoft.testplatform.objectmodel\15.7.0\lib\netstandard1.5\Microsoft.VisualStudio.TestPlatform.ObjectModel.dll</ModulePath>
      <ModuleTime>2018-04-02T16:13:24Z</ModuleTime>
      <ModuleName>Microsoft.VisualStudio.TestPlatform.ObjectModel</ModuleName>
      <Classes />
    </Module>
    <Module skippedDueTo="Filter" hash="9B-1E-1D-B5-2F-F8-1E-C4-EC-19-1F-7A-30-07-AA-4D-D2-36-5E-E8">
      <ModulePath>C:\Users\crochefolle\.nuget\packages\microsoft.testplatform.testhost\15.7.0\lib\netstandard1.5\Microsoft.TestPlatform.CrossPlatEngine.dll</ModulePath>
      <ModuleTime>2018-04-02T16:13:24Z</ModuleTime>
      <ModuleName>Microsoft.TestPlatform.CrossPlatEngine</ModuleName>
      <Classes />
    </Module>
    <Module skippedDueTo="Filter" hash="5F-13-8E-E6-AA-E0-64-CE-ED-EF-28-54-D0-38-3C-AB-5F-B6-83-F9">
[...]
      <ModuleName>System.IO.IsolatedStorage</ModuleName>
      <Classes />
    </Module>
    <Module skippedDueTo="Filter" hash="14-05-BC-86-26-DC-73-08-B9-5D-70-E9-34-77-E1-24-3B-19-EC-C7">
      <ModulePath>C:\Program Files\dotnet\shared\Microsoft.NETCore.App\2.0.9\System.IO.MemoryMappedFiles.dll</ModulePath>
      <ModuleTime>2018-06-14T09:45:54Z</ModuleTime>
      <ModuleName>System.IO.MemoryMappedFiles</ModuleName>
      <Classes />
    </Module>
    <Module skippedDueTo="Filter" hash="54-F4-1C-35-C4-5C-C1-27-31-FB-3F-F3-DB-0F-2C-2D-F9-5A-BA-FF">
      <ModulePath>C:\Program Files\dotnet\shared\Microsoft.NETCore.App\2.0.9\System.IO.Pipes.dll</ModulePath>
      <ModuleTime>2018-06-14T09:45:54Z</ModuleTime>
      <ModuleName>System.IO.Pipes</ModuleName>
      <Classes />
    </Module>
    <Module skippedDueTo="Filter" hash="06-1E-4A-7B-6B-46-B4-9E-26-EB-71-49-A5-58-FC-71-85-2F-5F-7E">
      <ModulePath>C:\Program Files\dotnet\shared\Microsoft.NETCore.App\2.0.9\System.IO.UnmanagedMemoryStream.dll</ModulePath>
      <ModuleTime>2018-06-14T09:45:54Z</ModuleTime>
      <ModuleName>System.IO.UnmanagedMemoryStream</ModuleName>
      <Classes />
    </Module>
    <Module skippedDueTo="Filter" hash="61-A0-2A-11-7F-AE-79-37-F6-B1-5A-DF-19-4D-35-A2-48-0D-87-F3">
      <ModulePath>C:\Program Files\dotnet\shared\Microsoft.NETCore.App\2.0.9\System.Linq.Parallel.dll</ModulePath>
      <ModuleTime>2018-06-14T09:45:54Z</ModuleTime>
      <ModuleName>System.Linq.Parallel</ModuleName>
      <Classes />
    </Module>
    <Module skippedDueTo="Filter" hash="7D-AF-4F-BD-8C-20-9E-AA-79-CA-94-39-1E-9B-9E-7A-82-63-64-99">
      <ModulePath>C:\Program Files\dotnet\shared\Microsoft.NETCore.App\2.0.9\System.Linq.Queryable.dll</ModulePath>
      <ModuleTime>2018-06-14T09:45:54Z</ModuleTime>
      <ModuleName>System.Linq.Queryable</ModuleName>
      <Classes />
    </Module>
    <Module skippedDueTo="Filter" hash="05-29-7C-E2-3C-53-A1-B0-3C-22-44-5D-A2-B1-24-1E-2A-D8-C1-62">
      <ModulePath>C:\Program Files\dotnet\shared\Microsoft.NETCore.App\2.0.9\System.Net.HttpListener.dll</ModulePath>
      <ModuleTime>2018-06-14T09:45:56Z</ModuleTime>
      <ModuleName>System.Net.HttpListener</ModuleName>
      <Classes />
    </Module>
    <Module skippedDueTo="Filter" hash="16-A8-67-D8-AE-71-80-5D-F0-96-BA-8A-CF-0D-9F-A2-7E-86-0E-3D">
      <ModulePath>C:\Program Files\dotnet\shared\Microsoft.NETCore.App\2.0.9\System.Net.Mail.dll</ModulePath>
      <ModuleTime>2018-06-14T09:45:56Z</ModuleTime>
      <ModuleName>System.Net.Mail</ModuleName>
      <Classes />
    </Module>
    <Module skippedDueTo="Filter" hash="E5-33-2C-48-C3-60-6C-04-D3-A8-36-9A-4C-A4-75-D3-5B-4F-86-80">
      <ModulePath>C:\Program Files\dotnet\shared\Microsoft.NETCore.App\2.0.9\System.Net.NetworkInformation.dll</ModulePath>
      <ModuleTime>2018-06-14T09:45:56Z</ModuleTime>
      <ModuleName>System.Net.NetworkInformation</ModuleName>
      <Classes />
    </Module>
    <Module skippedDueTo="Filter" hash="4F-E4-F0-BC-F6-C9-70-B7-10-9B-DF-0B-74-B9-8C-E2-A2-D1-C9-BB">
      <ModulePath>C:\Program Files\dotnet\shared\Microsoft.NETCore.App\2.0.9\System.Net.Ping.dll</ModulePath>
      <ModuleTime>2018-06-14T09:45:56Z</ModuleTime>
      <ModuleName>System.Net.Ping</ModuleName>
      <Classes />
    </Module>
    <Module skippedDueTo="Filter" hash="E1-74-61-54-AA-33-BE-0A-CF-62-B2-D6-53-4A-8E-8B-E1-C4-A8-A5">
      <ModulePath>C:\Program Files\dotnet\shared\Microsoft.NETCore.App\2.0.9\System.Net.Requests.dll</ModulePath>
      <ModuleTime>2018-06-14T09:45:56Z</ModuleTime>
      <ModuleName>System.Net.Requests</ModuleName>
      <Classes />
    </Module>
    <Module skippedDueTo="Filter" hash="FF-4A-FF-93-D9-2F-96-6B-28-5D-F7-77-03-76-1A-B0-D8-25-7A-29">
      <ModulePath>C:\Program Files\dotnet\shared\Microsoft.NETCore.App\2.0.9\System.Net.Security.dll</ModulePath>
      <ModuleTime>2018-06-14T09:45:56Z</ModuleTime>
      <ModuleName>System.Net.Security</ModuleName>
      <Classes />
    </Module>
    <Module skippedDueTo="Filter" hash="BB-95-63-05-D5-6E-C1-70-95-D9-41-05-BE-7D-AF-9B-72-0B-4E-A3">
      <ModulePath>C:\Program Files\dotnet\shared\Microsoft.NETCore.App\2.0.9\System.Net.ServicePoint.dll</ModulePath>
      <ModuleTime>2018-06-14T09:45:56Z</ModuleTime>
      <ModuleName>System.Net.ServicePoint</ModuleName>
      <Classes />
    </Module>
    <Module skippedDueTo="Filter" hash="D6-9B-F6-86-69-30-31-F1-35-FA-BD-67-B1-EC-54-BE-8C-F9-56-8E">
      <ModulePath>C:\Program Files\dotnet\shared\Microsoft.NETCore.App\2.0.9\System.Net.WebClient.dll</ModulePath>
      <ModuleTime>2018-06-14T09:45:58Z</ModuleTime>
      <ModuleName>System.Net.WebClient</ModuleName>
      <Classes />
    </Module>
    <Module skippedDueTo="Filter" hash="4A-4D-75-09-64-0D-B8-EF-E2-EA-43-09-73-2E-B4-E6-DE-94-19-03">
      <ModulePath>C:\Program Files\dotnet\shared\Microsoft.NETCore.App\2.0.9\System.Net.WebHeaderCollection.dll</ModulePath>
      <ModuleTime>2018-06-14T09:45:58Z</ModuleTime>
      <ModuleName>System.Net.WebHeaderCollection</ModuleName>
      <Classes />
    </Module>
    <Module skippedDueTo="Filter" hash="C9-61-BA-A5-EB-39-A4-82-FF-40-D0-61-D4-FC-53-1C-9D-0D-41-52">
      <ModulePath>C:\Program Files\dotnet\shared\Microsoft.NETCore.App\2.0.9\System.Net.WebProxy.dll</ModulePath>
      <ModuleTime>2018-06-14T09:45:58Z</ModuleTime>
      <ModuleName>System.Net.WebProxy</ModuleName>
      <Classes />
    </Module>
    <Module skippedDueTo="Filter" hash="68-57-8E-01-00-35-8B-FD-F1-12-C0-51-C8-EE-82-D7-E3-36-7B-17">
      <ModulePath>C:\Program Files\dotnet\shared\Microsoft.NETCore.App\2.0.9\System.Net.WebSockets.Client.dll</ModulePath>
      <ModuleTime>2018-06-14T09:45:58Z</ModuleTime>
      <ModuleName>System.Net.WebSockets.Client</ModuleName>
      <Classes />
    </Module>
    <Module skippedDueTo="Filter" hash="D4-48-D8-64-4C-9D-44-44-BC-33-DA-7F-7C-53-77-57-2E-F3-8F-E0">
      <ModulePath>C:\Program Files\dotnet\shared\Microsoft.NETCore.App\2.0.9\System.Net.dll</ModulePath>
      <ModuleTime>2018-06-14T09:45:58Z</ModuleTime>
      <ModuleName>System.Net</ModuleName>
      <Classes />
    </Module>
    <Module skippedDueTo="Filter" hash="39-BF-0A-94-F8-24-73-9C-10-B5-3B-06-E6-61-76-7D-2E-0E-A9-40">
      <ModulePath>C:\Program Files\dotnet\shared\Microsoft.NETCore.App\2.0.9\System.Numerics.Vectors.dll</ModulePath>
      <ModuleTime>2018-06-14T09:45:58Z</ModuleTime>
      <ModuleName>System.Numerics.Vectors</ModuleName>
      <Classes />
    </Module>
    <Module skippedDueTo="Filter" hash="5F-E4-CD-E4-D3-DB-E5-CF-3D-D8-C9-6C-2B-81-4B-81-66-67-18-47">
      <ModulePath>C:\Program Files\dotnet\shared\Microsoft.NETCore.App\2.0.9\System.Numerics.dll</ModulePath>
      <ModuleTime>2018-06-14T09:45:58Z</ModuleTime>
      <ModuleName>System.Numerics</ModuleName>
      <Classes />
    </Module>
    <Module skippedDueTo="Filter" hash="B3-28-29-52-74-65-63-D4-95-8B-0F-C0-5A-39-F7-85-B3-22-D8-84">
      <ModulePath>C:\Program Files\dotnet\shared\Microsoft.NETCore.App\2.0.9\System.Private.DataContractSerialization.dll</ModulePath>
      <ModuleTime>2018-06-14T09:45:58Z</ModuleTime>
      <ModuleName>System.Private.DataContractSerialization</ModuleName>
      <Classes />
    </Module>
    <Module skippedDueTo="Filter" hash="E6-33-43-F2-EE-7C-FE-2E-F4-85-27-47-53-57-0D-A2-AD-2A-73-FA">
      <ModulePath>C:\Program Files\dotnet\shared\Microsoft.NETCore.App\2.0.9\System.Threading.Tasks.Extensions.dll</ModulePath>
      <ModuleTime>2018-06-14T09:46:02Z</ModuleTime>
      <ModuleName>System.Threading.Tasks.Extensions</ModuleName>
      <Classes />
    </Module>
    <Module skippedDueTo="Filter" hash="70-A1-2B-B3-31-41-6F-1C-44-FD-D4-2E-EE-BE-8D-5F-22-B7-21-0F">
      <ModulePath>C:\Program Files\dotnet\shared\Microsoft.NETCore.App\2.0.9\System.Reflection.DispatchProxy.dll</ModulePath>
      <ModuleTime>2018-06-14T09:46:00Z</ModuleTime>
      <ModuleName>System.Reflection.DispatchProxy</ModuleName>
      <Classes />
    </Module>
    <Module skippedDueTo="Filter" hash="4E-EC-BA-65-63-CD-A4-49-C4-12-84-21-19-E1-75-FC-94-33-66-5B">
      <ModulePath>C:\Program Files\dotnet\shared\Microsoft.NETCore.App\2.0.9\System.Reflection.Emit.dll</ModulePath>
      <ModuleTime>2018-06-14T09:46:00Z</ModuleTime>
      <ModuleName>System.Reflection.Emit</ModuleName>
      <Classes />
    </Module>
    <Module skippedDueTo="Filter" hash="2E-5C-93-23-66-26-76-BD-AC-79-17-B0-17-FE-FB-88-8E-4F-F8-5F">
      <ModulePath>C:\Program Files\dotnet\shared\Microsoft.NETCore.App\2.0.9\System.Resources.Reader.dll</ModulePath>
      <ModuleTime>2018-06-14T09:46:00Z</ModuleTime>
      <ModuleName>System.Resources.Reader</ModuleName>
      <Classes />
    </Module>
    <Module skippedDueTo="Filter" hash="4D-05-D5-D7-E7-0E-EA-97-CF-D0-FD-8C-3A-D9-0A-E5-B5-87-D9-64">
      <ModulePath>C:\Program Files\dotnet\shared\Microsoft.NETCore.App\2.0.9\System.Resources.Writer.dll</ModulePath>
      <ModuleTime>2018-06-14T09:46:00Z</ModuleTime>
      <ModuleName>System.Resources.Writer</ModuleName>
      <Classes />
    </Module>
    <Module skippedDueTo="Filter" hash="E5-C6-4E-02-3F-C9-9E-0D-36-B1-DE-F2-40-C0-C3-A6-4F-B1-54-52">
      <ModulePath>C:\Program Files\dotnet\shared\Microsoft.NETCore.App\2.0.9\System.Runtime.CompilerServices.VisualC.dll</ModulePath>
      <ModuleTime>2018-06-14T09:46:00Z</ModuleTime>
      <ModuleName>System.Runtime.CompilerServices.VisualC</ModuleName>
      <Classes />
    </Module>
    <Module skippedDueTo="Filter" hash="63-31-52-DE-76-44-01-9D-3C-91-74-A6-01-E0-37-47-8F-2A-01-D1">
      <ModulePath>C:\Program Files\dotnet\shared\Microsoft.NETCore.App\2.0.9\System.Runtime.Handles.dll</ModulePath>
      <ModuleTime>2018-06-14T09:46:00Z</ModuleTime>
      <ModuleName>System.Runtime.Handles</ModuleName>
      <Classes />
    </Module>
    <Module skippedDueTo="Filter" hash="EB-E6-C5-EE-8D-D8-02-94-A0-AE-9B-9D-F0-82-B1-1C-EB-2B-31-49">
      <ModulePath>C:\Program Files\dotnet\shared\Microsoft.NETCore.App\2.0.9\System.Runtime.InteropServices.WindowsRuntime.dll</ModulePath>
      <ModuleTime>2018-06-14T09:46:00Z</ModuleTime>
      <ModuleName>System.Runtime.InteropServices.WindowsRuntime</ModuleName>
      <Classes />
    </Module>
    <Module skippedDueTo="Filter" hash="B5-19-61-FB-23-52-C1-38-F9-12-58-E0-6D-B6-26-00-8C-AC-71-82">
      <ModulePath>C:\Program Files\dotnet\shared\Microsoft.NETCore.App\2.0.9\System.Runtime.Serialization.Json.dll</ModulePath>
      <ModuleTime>2018-06-14T09:46:02Z</ModuleTime>
      <ModuleName>System.Runtime.Serialization.Json</ModuleName>
      <Classes />
    </Module>
    <Module skippedDueTo="Filter" hash="FC-8C-F2-C5-CF-78-53-E6-94-C4-E8-3D-17-7D-EB-CC-9A-29-F9-3B">
      <ModulePath>C:\Program Files\dotnet\shared\Microsoft.NETCore.App\2.0.9\System.Runtime.Serialization.Xml.dll</ModulePath>
      <ModuleTime>2018-06-14T09:46:02Z</ModuleTime>
      <ModuleName>System.Runtime.Serialization.Xml</ModuleName>
      <Classes />
    </Module>
    <Module skippedDueTo="Filter" hash="1A-E6-5B-47-A8-D0-DD-42-52-4B-F5-C7-12-F1-9D-34-8D-D7-52-44">
      <ModulePath>C:\Program Files\dotnet\shared\Microsoft.NETCore.App\2.0.9\System.Runtime.Serialization.dll</ModulePath>
      <ModuleTime>2018-06-14T09:46:02Z</ModuleTime>
      <ModuleName>System.Runtime.Serialization</ModuleName>
      <Classes />
    </Module>
    <Module skippedDueTo="Filter" hash="FC-34-A4-92-EA-64-DF-BA-51-F9-B0-68-96-68-C1-57-BC-27-0D-AC">
      <ModulePath>C:\Program Files\dotnet\shared\Microsoft.NETCore.App\2.0.9\System.Security.Cryptography.Encoding.dll</ModulePath>
      <ModuleTime>2018-06-14T09:46:02Z</ModuleTime>
      <ModuleName>System.Security.Cryptography.Encoding</ModuleName>
      <Classes />
    </Module>
    <Module skippedDueTo="Filter" hash="48-E1-C3-8B-66-02-78-A5-C5-9F-68-46-34-52-75-5C-FD-72-D5-0D">
      <ModulePath>C:\Program Files\dotnet\shared\Microsoft.NETCore.App\2.0.9\System.Security.Cryptography.Cng.dll</ModulePath>
      <ModuleTime>2018-06-14T09:46:02Z</ModuleTime>
      <ModuleName>System.Security.Cryptography.Cng</ModuleName>
      <Classes />
    </Module>
    <Module skippedDueTo="Filter" hash="17-9F-A6-F7-9C-21-A2-75-85-00-DB-F6-D0-00-26-8E-1A-95-2A-7E">
      <ModulePath>C:\Program Files\dotnet\shared\Microsoft.NETCore.App\2.0.9\System.Security.Cryptography.Csp.dll</ModulePath>
      <ModuleTime>2018-06-14T09:46:02Z</ModuleTime>
      <ModuleName>System.Security.Cryptography.Csp</ModuleName>
      <Classes />
    </Module>
    <Module skippedDueTo="Filter" hash="4E-19-25-7F-D6-98-F6-38-C6-AD-AB-B2-7E-24-BA-84-DC-9E-B6-7B">
      <ModulePath>C:\Program Files\dotnet\shared\Microsoft.NETCore.App\2.0.9\System.Security.Cryptography.OpenSsl.dll</ModulePath>
      <ModuleTime>2018-06-14T09:46:02Z</ModuleTime>
      <ModuleName>System.Security.Cryptography.OpenSsl</ModuleName>
      <Classes />
    </Module>
    <Module skippedDueTo="Filter" hash="B9-D7-F2-32-2A-62-83-EF-C1-C0-92-99-1F-57-58-CB-56-FB-25-FA">
      <ModulePath>C:\Program Files\dotnet\shared\Microsoft.NETCore.App\2.0.9\System.Security.SecureString.dll</ModulePath>
      <ModuleTime>2018-06-14T09:46:02Z</ModuleTime>
      <ModuleName>System.Security.SecureString</ModuleName>
      <Classes />
    </Module>
    <Module skippedDueTo="Filter" hash="EB-21-4B-58-EA-F6-CC-83-FF-CB-C2-C8-C3-5D-CD-27-5A-8A-78-FA">
      <ModulePath>C:\Program Files\dotnet\shared\Microsoft.NETCore.App\2.0.9\System.Security.dll</ModulePath>
      <ModuleTime>2018-06-14T09:46:02Z</ModuleTime>
      <ModuleName>System.Security</ModuleName>
      <Classes />
    </Module>
    <Module skippedDueTo="Filter" hash="AF-63-1B-FE-3E-5B-14-42-A1-C4-91-07-AB-62-DE-E8-8A-F8-8F-7A">
      <ModulePath>C:\Program Files\dotnet\shared\Microsoft.NETCore.App\2.0.9\System.ServiceModel.Web.dll</ModulePath>
      <ModuleTime>2018-06-14T09:46:02Z</ModuleTime>
      <ModuleName>System.ServiceModel.Web</ModuleName>
      <Classes />
    </Module>
    <Module skippedDueTo="Filter" hash="EC-A8-1E-FB-3E-9B-CA-3B-06-DB-0F-F7-45-D8-07-D9-1D-51-CB-70">
      <ModulePath>C:\Program Files\dotnet\shared\Microsoft.NETCore.App\2.0.9\System.ServiceProcess.dll</ModulePath>
      <ModuleTime>2018-06-14T09:46:02Z</ModuleTime>
      <ModuleName>System.ServiceProcess</ModuleName>
      <Classes />
    </Module>
    <Module skippedDueTo="Filter" hash="C2-6B-51-D2-E6-C7-AE-FE-31-49-68-0A-75-45-22-52-44-FC-CF-4C">
      <ModulePath>C:\Program Files\dotnet\shared\Microsoft.NETCore.App\2.0.9\System.Threading.Tasks.Dataflow.dll</ModulePath>
      <ModuleTime>2018-06-14T09:46:02Z</ModuleTime>
      <ModuleName>System.Threading.Tasks.Dataflow</ModuleName>
      <Classes />
    </Module>
    <Module skippedDueTo="Filter" hash="15-9D-7F-33-53-77-47-8E-D4-DD-42-C7-35-B3-6B-BF-FE-8C-C1-53">
      <ModulePath>C:\Program Files\dotnet\shared\Microsoft.NETCore.App\2.0.9\System.Threading.Tasks.Parallel.dll</ModulePath>
      <ModuleTime>2018-06-14T09:46:02Z</ModuleTime>
      <ModuleName>System.Threading.Tasks.Parallel</ModuleName>
      <Classes />
    </Module>
    <Module skippedDueTo="Filter" hash="5C-E6-2F-BA-49-00-01-04-A4-A7-C4-AB-FB-89-49-93-16-89-7A-BE">
      <ModulePath>C:\Program Files\dotnet\shared\Microsoft.NETCore.App\2.0.9\System.Threading.Thread.dll</ModulePath>
      <ModuleTime>2018-06-14T09:46:02Z</ModuleTime>
      <ModuleName>System.Threading.Thread</ModuleName>
      <Classes />
    </Module>
    <Module skippedDueTo="Filter" hash="68-83-1B-37-A1-A5-3B-E4-8C-F3-D2-6A-E3-7D-2F-C9-28-A1-B7-9E">
      <ModulePath>C:\Program Files\dotnet\shared\Microsoft.NETCore.App\2.0.9\System.Transactions.dll</ModulePath>
      <ModuleTime>2018-06-14T09:46:04Z</ModuleTime>
      <ModuleName>System.Transactions</ModuleName>
      <Classes />
    </Module>
    <Module skippedDueTo="Filter" hash="CC-40-04-F9-6D-5F-91-EA-D6-6D-10-7F-D0-83-44-DB-60-6F-CE-A3">
      <ModulePath>C:\Program Files\dotnet\shared\Microsoft.NETCore.App\2.0.9\System.Web.HttpUtility.dll</ModulePath>
      <ModuleTime>2018-06-14T09:46:04Z</ModuleTime>
      <ModuleName>System.Web.HttpUtility</ModuleName>
      <Classes />
    </Module>
    <Module skippedDueTo="Filter" hash="25-C3-9E-4D-9A-AD-CE-8C-F9-42-BE-0D-CE-67-ED-AA-E1-BD-B7-A9">
      <ModulePath>C:\Program Files\dotnet\shared\Microsoft.NETCore.App\2.0.9\System.Web.dll</ModulePath>
      <ModuleTime>2018-06-14T09:46:04Z</ModuleTime>
      <ModuleName>System.Web</ModuleName>
      <Classes />
    </Module>
    <Module skippedDueTo="Filter" hash="3A-75-1A-44-67-68-C8-D6-49-6F-E5-7F-C9-8F-DA-75-1D-A8-8F-DA">
      <ModulePath>C:\Program Files\dotnet\shared\Microsoft.NETCore.App\2.0.9\System.Windows.dll</ModulePath>
      <ModuleTime>2018-06-14T09:46:04Z</ModuleTime>
      <ModuleName>System.Windows</ModuleName>
      <Classes />
    </Module>
    <Module skippedDueTo="Filter" hash="10-0C-B2-E5-37-EA-90-38-EB-FB-E8-44-00-22-C5-88-2D-63-DE-3B">
      <ModulePath>C:\Program Files\dotnet\shared\Microsoft.NETCore.App\2.0.9\System.Xml.Linq.dll</ModulePath>
      <ModuleTime>2018-06-14T09:46:04Z</ModuleTime>
      <ModuleName>System.Xml.Linq</ModuleName>
      <Classes />
    </Module>
    <Module skippedDueTo="Filter" hash="A2-2F-F5-F4-F9-F8-D9-D2-90-14-74-5F-10-3A-CB-7E-FA-03-AA-D0">
      <ModulePath>C:\Program Files\dotnet\shared\Microsoft.NETCore.App\2.0.9\System.Xml.Serialization.dll</ModulePath>
      <ModuleTime>2018-06-14T09:46:04Z</ModuleTime>
      <ModuleName>System.Xml.Serialization</ModuleName>
      <Classes />
    </Module>
    <Module skippedDueTo="Filter" hash="0F-78-30-06-B2-8A-8A-95-CB-2C-13-53-BA-EA-6D-96-75-52-1F-43">
      <ModulePath>C:\Program Files\dotnet\shared\Microsoft.NETCore.App\2.0.9\System.Xml.XPath.XDocument.dll</ModulePath>
      <ModuleTime>2018-06-14T09:46:04Z</ModuleTime>
      <ModuleName>System.Xml.XPath.XDocument</ModuleName>
      <Classes />
    </Module>
    <Module skippedDueTo="Filter" hash="24-C5-80-C3-B8-8E-BB-E3-A0-B5-AD-A5-75-88-56-93-EF-43-40-74">
      <ModulePath>C:\Program Files\dotnet\shared\Microsoft.NETCore.App\2.0.9\System.Xml.XmlSerializer.dll</ModulePath>
      <ModuleTime>2018-06-14T09:46:04Z</ModuleTime>
      <ModuleName>System.Xml.XmlSerializer</ModuleName>
      <Classes />
    </Module>
    <Module skippedDueTo="Filter" hash="24-75-5A-81-BD-EF-0E-27-16-7A-E3-12-5C-75-27-EE-C8-39-53-A2">
      <ModulePath>C:\Program Files\dotnet\shared\Microsoft.NETCore.App\2.0.9\System.Xml.dll</ModulePath>
      <ModuleTime>2018-06-14T09:46:04Z</ModuleTime>
      <ModuleName>System.Xml</ModuleName>
      <Classes />
    </Module>
    <Module skippedDueTo="Filter" hash="E0-0E-1A-6A-9D-70-C8-4A-A9-5B-BE-72-2A-42-F9-C0-72-33-C5-68">
      <ModulePath>C:\Program Files\dotnet\shared\Microsoft.NETCore.App\2.0.9\System.dll</ModulePath>
      <ModuleTime>2018-06-14T09:46:04Z</ModuleTime>
      <ModuleName>System</ModuleName>
      <Classes />
    </Module>
    <Module skippedDueTo="Filter" hash="EB-D3-1A-E0-B6-37-A3-F1-6A-24-99-80-60-C8-0F-C8-6B-86-79-52">
      <ModulePath>C:\Program Files\dotnet\shared\Microsoft.NETCore.App\2.0.9\WindowsBase.dll</ModulePath>
      <ModuleTime>2018-06-14T09:46:04Z</ModuleTime>
      <ModuleName>WindowsBase</ModuleName>
      <Classes />
    </Module>
    <Module skippedDueTo="Filter" hash="6F-08-22-57-F4-B0-60-DB-BB-40-C7-8B-E4-D0-95-74-3F-5E-5C-41">
      <ModulePath>C:\AgodaGit\techatagoda\tests\bin\Debug\netcoreapp2.0\xunit.runner.reporters.netcoreapp10.dll</ModulePath>
      <ModuleTime>2017-10-26T22:35:08Z</ModuleTime>
      <ModuleName>xunit.runner.reporters.netcoreapp10</ModuleName>
      <Classes />
    </Module>
    <Module skippedDueTo="Filter" hash="74-87-AC-83-86-46-91-08-DE-13-2B-1E-71-08-22-47-81-2D-C5-4E">
      <ModulePath>C:\Program Files\dotnet\shared\Microsoft.NETCore.App\2.0.9\System.ComponentModel.dll</ModulePath>
      <ModuleTime>2018-06-14T09:45:50Z</ModuleTime>
      <ModuleName>System.ComponentModel</ModuleName>
      <Classes />
    </Module>
  </Modules>
</CoverageSession>